29-Jun-2018 18:31:24.594 INFO [main] org.apache.catalina.startup.VersionLoggerListener.log Server version:        Apache Tomcat/9.0.10
29-Jun-2018 18:31:24.596 INFO [main] org.apache.catalina.startup.VersionLoggerListener.log Server built:          Jun 20 2018 17:32:21 UTC
29-Jun-2018 18:31:24.596 INFO [main] org.apache.catalina.startup.VersionLoggerListener.log Server number:         9.0.10.0
29-Jun-2018 18:31:24.596 INFO [main] org.apache.catalina.startup.VersionLoggerListener.log OS Name:               Windows 10
29-Jun-2018 18:31:24.597 INFO [main] org.apache.catalina.startup.VersionLoggerListener.log OS Version:            10.0
29-Jun-2018 18:31:24.597 INFO [main] org.apache.catalina.startup.VersionLoggerListener.log Architecture:          amd64
29-Jun-2018 18:31:24.597 INFO [main] org.apache.catalina.startup.VersionLoggerListener.log Java Home:             C:\Program Files\Java\jre1.8.0_171
29-Jun-2018 18:31:24.597 INFO [main] org.apache.catalina.startup.VersionLoggerListener.log JVM Version:           1.8.0_171-b11
29-Jun-2018 18:31:24.598 INFO [main] org.apache.catalina.startup.VersionLoggerListener.log JVM Vendor:            Oracle Corporation
29-Jun-2018 18:31:24.598 INFO [main] org.apache.catalina.startup.VersionLoggerListener.log CATALINA_BASE:         C:\Users\suimi\JAC\EJB\apache-tomcat-9.0.10
29-Jun-2018 18:31:24.598 INFO [main] org.apache.catalina.startup.VersionLoggerListener.log CATALINA_HOME:         C:\Users\suimi\JAC\EJB\apache-tomcat-9.0.10
29-Jun-2018 18:31:24.599 INFO [main] org.apache.catalina.startup.VersionLoggerListener.log Command line argument: -Djava.util.logging.config.file=C:\Users\suimi\JAC\EJB\apache-tomcat-9.0.10\conf\logging.properties
29-Jun-2018 18:31:24.599 INFO [main] org.apache.catalina.startup.VersionLoggerListener.log Command line argument: -Djava.util.logging.manager=org.apache.juli.ClassLoaderLogManager
29-Jun-2018 18:31:24.599 INFO [main] org.apache.catalina.startup.VersionLoggerListener.log Command line argument: -Djdk.tls.ephemeralDHKeySize=2048
29-Jun-2018 18:31:24.599 INFO [main] org.apache.catalina.startup.VersionLoggerListener.log Command line argument: -Djava.protocol.handler.pkgs=org.apache.catalina.webresources
29-Jun-2018 18:31:24.599 INFO [main] org.apache.catalina.startup.VersionLoggerListener.log Command line argument: -Dignore.endorsed.dirs=
29-Jun-2018 18:31:24.599 INFO [main] org.apache.catalina.startup.VersionLoggerListener.log Command line argument: -Dcatalina.base=C:\Users\suimi\JAC\EJB\apache-tomcat-9.0.10
29-Jun-2018 18:31:24.599 INFO [main] org.apache.catalina.startup.VersionLoggerListener.log Command line argument: -Dcatalina.home=C:\Users\suimi\JAC\EJB\apache-tomcat-9.0.10
29-Jun-2018 18:31:24.600 INFO [main] org.apache.catalina.startup.VersionLoggerListener.log Command line argument: -Djava.io.tmpdir=C:\Users\suimi\JAC\EJB\apache-tomcat-9.0.10\temp
29-Jun-2018 18:31:24.600 INFO [main] org.apache.catalina.core.AprLifecycleListener.lifecycleEvent The APR based Apache Tomcat Native library which allows optimal performance in production environments was not found on the java.library.path: [C:\Program Files\Java\jre1.8.0_171\bin;C:\WINDOWS\Sun\Java\bin;C:\WINDOWS\system32;C:\WINDOWS;C:\Program Files (x86)\Intel\iCLS Client\;C:\Program Files (x86)\Common Files\Oracle\Java\javapath;C:\Program Files\Microsoft MPI\Bin\;C:\ProgramData\Oracle\Java\javapath;C:\Program Files\Intel\iCLS Client\;C:\Windows\system32;C:\Windows;C:\Windows\System32\Wbem;C:\Windows\System32\WindowsPowerShell\v1.0\;C:\Program Files (x86)\NVIDIA Corporation\PhysX\Common;C:\WINDOWS\system32;C:\WINDOWS;C:\WINDOWS\System32\Wbem;C:\WINDOWS\System32\WindowsPowerShell\v1.0\;C:\Program Files\dotnet\;C:\Program Files\Microsoft SQL Server\130\Tools\Binn\;C:\Program Files (x86)\Xoreax\IncrediBuild;C:\Program Files\Git\cmd;C:\xampp\php;C:\composer;C:\Program Files (x86)\Intel\Intel(R) Management Engine Components\DAL;C:\Program Files\Intel\Intel(R) Management Engine Components\DAL;C:\Program Files (x86)\Intel\Intel(R) Management Engine Components\IPT;C:\Program Files\Intel\Intel(R) Management Engine Components\IPT;C:\Program Files (x86)\Microsoft SQL Server\Client SDK\ODBC\130\Tools\Binn\;C:\Program Files (x86)\Microsoft SQL Server\140\Tools\Binn\;C:\Program Files (x86)\Microsoft SQL Server\140\DTS\Binn\;C:\Program Files (x86)\Microsoft SQL Server\140\Tools\Binn\ManagementStudio\;C:\Program Files\Microsoft SQL Server\Client SDK\ODBC\130\Tools\Binn\;C:\Program Files\Microsoft SQL Server\140\Tools\Binn\;C:\Program Files\Microsoft SQL Server\140\DTS\Binn\;C:\Program Files (x86)\Brackets\command;C:\Program Files\nodejs\;C:\WINDOWS\System32\OpenSSH\;C:\Users\suimi\AppData\Local\Microsoft\WindowsApps;C:\Users\suimi\AppData\Roaming\Composer\vendor\bin;C:\Users\suimi\AppData\Local\GitHubDesktop\bin;C:\Program Files\Microsoft VS Code\bin;C:\Users\suimi\AppData\Roaming\npm;%USERPROFILE%\AppData\Local\Microsoft\WindowsApps;;C:\Program Files (x86)\ESTsoft\ALSee\x64;.]
29-Jun-2018 18:31:24.674 INFO [main] org.apache.coyote.AbstractProtocol.init Initializing ProtocolHandler ["http-nio-8080"]
29-Jun-2018 18:31:24.761 INFO [main] org.apache.tomcat.util.net.NioSelectorPool.getSharedSelector Using a shared selector for servlet write/read
29-Jun-2018 18:31:24.768 INFO [main] org.apache.coyote.AbstractProtocol.init Initializing ProtocolHandler ["ajp-nio-8009"]
29-Jun-2018 18:31:24.769 INFO [main] org.apache.tomcat.util.net.NioSelectorPool.getSharedSelector Using a shared selector for servlet write/read
29-Jun-2018 18:31:24.770 INFO [main] org.apache.catalina.startup.Catalina.load Initialization processed in 395 ms
29-Jun-2018 18:31:24.786 INFO [main] org.apache.catalina.core.StandardService.startInternal Starting service [Catalina]
29-Jun-2018 18:31:24.787 INFO [main] org.apache.catalina.core.StandardEngine.startInternal Starting Servlet Engine: Apache Tomcat/9.0.10
29-Jun-2018 18:31:24.802 INFO [main] org.apache.catalina.startup.HostConfig.deployWAR Deploying web application archive [C:\Users\suimi\JAC\EJB\apache-tomcat-9.0.10\webapps\1796138.war]
29-Jun-2018 18:31:25.132 INFO [main] org.apache.jasper.servlet.TldScanner.scanJars At least one JAR was scanned for TLDs yet contained no TLDs. Enable debug logging for this logger for a complete list of JARs that were scanned but no TLDs were found in them. Skipping unneeded JARs during scanning can improve startup time and JSP compilation time.
29-Jun-2018 18:31:25.167 INFO [main] org.apache.catalina.startup.HostConfig.deployWAR Deployment of web application archive [C:\Users\suimi\JAC\EJB\apache-tomcat-9.0.10\webapps\1796138.war] has finished in [364] ms
29-Jun-2018 18:31:25.168 INFO [main] org.apache.catalina.startup.HostConfig.deployWAR Deploying web application archive [C:\Users\suimi\JAC\EJB\apache-tomcat-9.0.10\webapps\Export1.war]
29-Jun-2018 18:31:25.226 INFO [main] org.apache.jasper.servlet.TldScanner.scanJars At least one JAR was scanned for TLDs yet contained no TLDs. Enable debug logging for this logger for a complete list of JARs that were scanned but no TLDs were found in them. Skipping unneeded JARs during scanning can improve startup time and JSP compilation time.
29-Jun-2018 18:31:25.242 INFO [main] org.apache.catalina.startup.HostConfig.deployWAR Deployment of web application archive [C:\Users\suimi\JAC\EJB\apache-tomcat-9.0.10\webapps\Export1.war] has finished in [73] ms
29-Jun-2018 18:31:25.243 INFO [main] org.apache.catalina.startup.HostConfig.deployDirectory Deploying web application directory [C:\Users\suimi\JAC\EJB\apache-tomcat-9.0.10\webapps\docs]
29-Jun-2018 18:31:25.267 INFO [main] org.apache.catalina.startup.HostConfig.deployDirectory Deployment of web application directory [C:\Users\suimi\JAC\EJB\apache-tomcat-9.0.10\webapps\docs] has finished in [25] ms
29-Jun-2018 18:31:25.267 INFO [main] org.apache.catalina.startup.HostConfig.deployDirectory Deploying web application directory [C:\Users\suimi\JAC\EJB\apache-tomcat-9.0.10\webapps\examples]
29-Jun-2018 18:31:25.579 INFO [main] org.apache.catalina.startup.HostConfig.deployDirectory Deployment of web application directory [C:\Users\suimi\JAC\EJB\apache-tomcat-9.0.10\webapps\examples] has finished in [312] ms
29-Jun-2018 18:31:25.579 INFO [main] org.apache.catalina.startup.HostConfig.deployDirectory Deploying web application directory [C:\Users\suimi\JAC\EJB\apache-tomcat-9.0.10\webapps\host-manager]
29-Jun-2018 18:31:25.610 INFO [main] org.apache.catalina.startup.HostConfig.deployDirectory Deployment of web application directory [C:\Users\suimi\JAC\EJB\apache-tomcat-9.0.10\webapps\host-manager] has finished in [31] ms
29-Jun-2018 18:31:25.610 INFO [main] org.apache.catalina.startup.HostConfig.deployDirectory Deploying web application directory [C:\Users\suimi\JAC\EJB\apache-tomcat-9.0.10\webapps\manager]
29-Jun-2018 18:31:25.637 INFO [main] org.apache.catalina.startup.HostConfig.deployDirectory Deployment of web application directory [C:\Users\suimi\JAC\EJB\apache-tomcat-9.0.10\webapps\manager] has finished in [27] ms
29-Jun-2018 18:31:25.638 INFO [main] org.apache.catalina.startup.HostConfig.deployDirectory Deploying web application directory [C:\Users\suimi\JAC\EJB\apache-tomcat-9.0.10\webapps\ROOT]
29-Jun-2018 18:31:25.656 INFO [main] org.apache.catalina.startup.HostConfig.deployDirectory Deployment of web application directory [C:\Users\suimi\JAC\EJB\apache-tomcat-9.0.10\webapps\ROOT] has finished in [19] ms
29-Jun-2018 18:31:25.659 INFO [main] org.apache.coyote.AbstractProtocol.start Starting ProtocolHandler ["http-nio-8080"]
29-Jun-2018 18:31:25.666 INFO [main] org.apache.coyote.AbstractProtocol.start Starting ProtocolHandler ["ajp-nio-8009"]
29-Jun-2018 18:31:25.668 INFO [main] org.apache.catalina.startup.Catalina.start Server startup in 897 ms
29-Jun-2018 18:32:28.516 INFO [Thread-5] org.apache.coyote.AbstractProtocol.pause Pausing ProtocolHandler ["http-nio-8080"]
29-Jun-2018 18:32:28.625 INFO [Thread-5] org.apache.coyote.AbstractProtocol.pause Pausing ProtocolHandler ["ajp-nio-8009"]
29-Jun-2018 18:32:28.724 INFO [Thread-5] org.apache.catalina.core.StandardService.stopInternal Stopping service [Catalina]
29-Jun-2018 18:32:28.742 INFO [Thread-5] org.apache.coyote.AbstractProtocol.stop Stopping ProtocolHandler ["http-nio-8080"]
29-Jun-2018 18:32:28.743 INFO [Thread-5] org.apache.coyote.AbstractProtocol.stop Stopping ProtocolHandler ["ajp-nio-8009"]
29-Jun-2018 18:32:28.745 INFO [Thread-5] org.apache.coyote.AbstractProtocol.destroy Destroying ProtocolHandler ["http-nio-8080"]
29-Jun-2018 18:32:28.745 INFO [Thread-5] org.apache.coyote.AbstractProtocol.destroy Destroying ProtocolHandler ["ajp-nio-8009"]
29-Jun-2018 18:35:33.966 INFO [main] org.apache.catalina.startup.VersionLoggerListener.log Server version:        Apache Tomcat/9.0.10
29-Jun-2018 18:35:33.968 INFO [main] org.apache.catalina.startup.VersionLoggerListener.log Server built:          Jun 20 2018 17:32:21 UTC
29-Jun-2018 18:35:33.968 INFO [main] org.apache.catalina.startup.VersionLoggerListener.log Server number:         9.0.10.0
29-Jun-2018 18:35:33.969 INFO [main] org.apache.catalina.startup.VersionLoggerListener.log OS Name:               Windows 10
29-Jun-2018 18:35:33.969 INFO [main] org.apache.catalina.startup.VersionLoggerListener.log OS Version:            10.0
29-Jun-2018 18:35:33.969 INFO [main] org.apache.catalina.startup.VersionLoggerListener.log Architecture:          amd64
29-Jun-2018 18:35:33.969 INFO [main] org.apache.catalina.startup.VersionLoggerListener.log Java Home:             C:\Program Files\Java\jre1.8.0_171
29-Jun-2018 18:35:33.969 INFO [main] org.apache.catalina.startup.VersionLoggerListener.log JVM Version:           1.8.0_171-b11
29-Jun-2018 18:35:33.969 INFO [main] org.apache.catalina.startup.VersionLoggerListener.log JVM Vendor:            Oracle Corporation
29-Jun-2018 18:35:33.969 INFO [main] org.apache.catalina.startup.VersionLoggerListener.log CATALINA_BASE:         C:\Users\suimi\JAC\EJB\apache-tomcat-9.0.10
29-Jun-2018 18:35:33.970 INFO [main] org.apache.catalina.startup.VersionLoggerListener.log CATALINA_HOME:         C:\Users\suimi\JAC\EJB\apache-tomcat-9.0.10
29-Jun-2018 18:35:33.970 INFO [main] org.apache.catalina.startup.VersionLoggerListener.log Command line argument: -Djava.util.logging.config.file=C:\Users\suimi\JAC\EJB\apache-tomcat-9.0.10\conf\logging.properties
29-Jun-2018 18:35:33.970 INFO [main] org.apache.catalina.startup.VersionLoggerListener.log Command line argument: -Djava.util.logging.manager=org.apache.juli.ClassLoaderLogManager
29-Jun-2018 18:35:33.970 INFO [main] org.apache.catalina.startup.VersionLoggerListener.log Command line argument: -Djdk.tls.ephemeralDHKeySize=2048
29-Jun-2018 18:35:33.970 INFO [main] org.apache.catalina.startup.VersionLoggerListener.log Command line argument: -Djava.protocol.handler.pkgs=org.apache.catalina.webresources
29-Jun-2018 18:35:33.970 INFO [main] org.apache.catalina.startup.VersionLoggerListener.log Command line argument: -Dignore.endorsed.dirs=
29-Jun-2018 18:35:33.970 INFO [main] org.apache.catalina.startup.VersionLoggerListener.log Command line argument: -Dcatalina.base=C:\Users\suimi\JAC\EJB\apache-tomcat-9.0.10
29-Jun-2018 18:35:33.970 INFO [main] org.apache.catalina.startup.VersionLoggerListener.log Command line argument: -Dcatalina.home=C:\Users\suimi\JAC\EJB\apache-tomcat-9.0.10
29-Jun-2018 18:35:33.971 INFO [main] org.apache.catalina.startup.VersionLoggerListener.log Command line argument: -Djava.io.tmpdir=C:\Users\suimi\JAC\EJB\apache-tomcat-9.0.10\temp
29-Jun-2018 18:35:33.971 INFO [main] org.apache.catalina.core.AprLifecycleListener.lifecycleEvent The APR based Apache Tomcat Native library which allows optimal performance in production environments was not found on the java.library.path: [C:\Program Files\Java\jre1.8.0_171\bin;C:\WINDOWS\Sun\Java\bin;C:\WINDOWS\system32;C:\WINDOWS;C:\Program Files (x86)\Intel\iCLS Client\;C:\Program Files (x86)\Common Files\Oracle\Java\javapath;C:\Program Files\Microsoft MPI\Bin\;C:\ProgramData\Oracle\Java\javapath;C:\Program Files\Intel\iCLS Client\;C:\Windows\system32;C:\Windows;C:\Windows\System32\Wbem;C:\Windows\System32\WindowsPowerShell\v1.0\;C:\Program Files (x86)\NVIDIA Corporation\PhysX\Common;C:\WINDOWS\system32;C:\WINDOWS;C:\WINDOWS\System32\Wbem;C:\WINDOWS\System32\WindowsPowerShell\v1.0\;C:\Program Files\dotnet\;C:\Program Files\Microsoft SQL Server\130\Tools\Binn\;C:\Program Files (x86)\Xoreax\IncrediBuild;C:\Program Files\Git\cmd;C:\xampp\php;C:\composer;C:\Program Files (x86)\Intel\Intel(R) Management Engine Components\DAL;C:\Program Files\Intel\Intel(R) Management Engine Components\DAL;C:\Program Files (x86)\Intel\Intel(R) Management Engine Components\IPT;C:\Program Files\Intel\Intel(R) Management Engine Components\IPT;C:\Program Files (x86)\Microsoft SQL Server\Client SDK\ODBC\130\Tools\Binn\;C:\Program Files (x86)\Microsoft SQL Server\140\Tools\Binn\;C:\Program Files (x86)\Microsoft SQL Server\140\DTS\Binn\;C:\Program Files (x86)\Microsoft SQL Server\140\Tools\Binn\ManagementStudio\;C:\Program Files\Microsoft SQL Server\Client SDK\ODBC\130\Tools\Binn\;C:\Program Files\Microsoft SQL Server\140\Tools\Binn\;C:\Program Files\Microsoft SQL Server\140\DTS\Binn\;C:\Program Files (x86)\Brackets\command;C:\Program Files\nodejs\;C:\WINDOWS\System32\OpenSSH\;C:\Users\suimi\AppData\Local\Microsoft\WindowsApps;C:\Users\suimi\AppData\Roaming\Composer\vendor\bin;C:\Users\suimi\AppData\Local\GitHubDesktop\bin;C:\Program Files\Microsoft VS Code\bin;C:\Users\suimi\AppData\Roaming\npm;%USERPROFILE%\AppData\Local\Microsoft\WindowsApps;;C:\Program Files (x86)\ESTsoft\ALSee\x64;.]
29-Jun-2018 18:35:34.044 INFO [main] org.apache.coyote.AbstractProtocol.init Initializing ProtocolHandler ["http-nio-8080"]
29-Jun-2018 18:35:34.127 INFO [main] org.apache.tomcat.util.net.NioSelectorPool.getSharedSelector Using a shared selector for servlet write/read
29-Jun-2018 18:35:34.134 INFO [main] org.apache.coyote.AbstractProtocol.init Initializing ProtocolHandler ["ajp-nio-8009"]
29-Jun-2018 18:35:34.135 INFO [main] org.apache.tomcat.util.net.NioSelectorPool.getSharedSelector Using a shared selector for servlet write/read
29-Jun-2018 18:35:34.136 INFO [main] org.apache.catalina.startup.Catalina.load Initialization processed in 388 ms
29-Jun-2018 18:35:34.151 INFO [main] org.apache.catalina.core.StandardService.startInternal Starting service [Catalina]
29-Jun-2018 18:35:34.151 INFO [main] org.apache.catalina.core.StandardEngine.startInternal Starting Servlet Engine: Apache Tomcat/9.0.10
29-Jun-2018 18:35:34.166 INFO [main] org.apache.catalina.startup.HostConfig.deployWAR Deploying web application archive [C:\Users\suimi\JAC\EJB\apache-tomcat-9.0.10\webapps\1796138.war]
29-Jun-2018 18:35:34.183 INFO [main] org.apache.catalina.startup.ExpandWar.expand An expanded directory [C:\Users\suimi\JAC\EJB\apache-tomcat-9.0.10\webapps\1796138] was found with a last modified time that did not match the associated WAR. It will be deleted.
29-Jun-2018 18:35:34.421 INFO [main] org.apache.jasper.servlet.TldScanner.scanJars At least one JAR was scanned for TLDs yet contained no TLDs. Enable debug logging for this logger for a complete list of JARs that were scanned but no TLDs were found in them. Skipping unneeded JARs during scanning can improve startup time and JSP compilation time.
29-Jun-2018 18:35:34.469 INFO [main] org.apache.catalina.startup.HostConfig.deployWAR Deployment of web application archive [C:\Users\suimi\JAC\EJB\apache-tomcat-9.0.10\webapps\1796138.war] has finished in [303] ms
29-Jun-2018 18:35:34.471 INFO [main] org.apache.catalina.startup.HostConfig.deployWAR Deploying web application archive [C:\Users\suimi\JAC\EJB\apache-tomcat-9.0.10\webapps\Export1.war]
29-Jun-2018 18:35:34.534 INFO [main] org.apache.jasper.servlet.TldScanner.scanJars At least one JAR was scanned for TLDs yet contained no TLDs. Enable debug logging for this logger for a complete list of JARs that were scanned but no TLDs were found in them. Skipping unneeded JARs during scanning can improve startup time and JSP compilation time.
29-Jun-2018 18:35:34.537 INFO [main] org.apache.catalina.startup.HostConfig.deployWAR Deployment of web application archive [C:\Users\suimi\JAC\EJB\apache-tomcat-9.0.10\webapps\Export1.war] has finished in [66] ms
29-Jun-2018 18:35:34.538 INFO [main] org.apache.catalina.startup.HostConfig.deployDirectory Deploying web application directory [C:\Users\suimi\JAC\EJB\apache-tomcat-9.0.10\webapps\docs]
29-Jun-2018 18:35:34.560 INFO [main] org.apache.catalina.startup.HostConfig.deployDirectory Deployment of web application directory [C:\Users\suimi\JAC\EJB\apache-tomcat-9.0.10\webapps\docs] has finished in [22] ms
29-Jun-2018 18:35:34.561 INFO [main] org.apache.catalina.startup.HostConfig.deployDirectory Deploying web application directory [C:\Users\suimi\JAC\EJB\apache-tomcat-9.0.10\webapps\examples]
29-Jun-2018 18:35:34.902 INFO [main] org.apache.catalina.startup.HostConfig.deployDirectory Deployment of web application directory [C:\Users\suimi\JAC\EJB\apache-tomcat-9.0.10\webapps\examples] has finished in [341] ms
29-Jun-2018 18:35:34.903 INFO [main] org.apache.catalina.startup.HostConfig.deployDirectory Deploying web application directory [C:\Users\suimi\JAC\EJB\apache-tomcat-9.0.10\webapps\host-manager]
29-Jun-2018 18:35:34.931 INFO [main] org.apache.catalina.startup.HostConfig.deployDirectory Deployment of web application directory [C:\Users\suimi\JAC\EJB\apache-tomcat-9.0.10\webapps\host-manager] has finished in [28] ms
29-Jun-2018 18:35:34.932 INFO [main] org.apache.catalina.startup.HostConfig.deployDirectory Deploying web application directory [C:\Users\suimi\JAC\EJB\apache-tomcat-9.0.10\webapps\manager]
29-Jun-2018 18:35:34.958 INFO [main] org.apache.catalina.startup.HostConfig.deployDirectory Deployment of web application directory [C:\Users\suimi\JAC\EJB\apache-tomcat-9.0.10\webapps\manager] has finished in [26] ms
29-Jun-2018 18:35:34.958 INFO [main] org.apache.catalina.startup.HostConfig.deployDirectory Deploying web application directory [C:\Users\suimi\JAC\EJB\apache-tomcat-9.0.10\webapps\ROOT]
29-Jun-2018 18:35:34.977 INFO [main] org.apache.catalina.startup.HostConfig.deployDirectory Deployment of web application directory [C:\Users\suimi\JAC\EJB\apache-tomcat-9.0.10\webapps\ROOT] has finished in [19] ms
29-Jun-2018 18:35:34.979 INFO [main] org.apache.coyote.AbstractProtocol.start Starting ProtocolHandler ["http-nio-8080"]
29-Jun-2018 18:35:34.986 INFO [main] org.apache.coyote.AbstractProtocol.start Starting ProtocolHandler ["ajp-nio-8009"]
29-Jun-2018 18:35:34.989 INFO [main] org.apache.catalina.startup.Catalina.start Server startup in 852 ms
29-Jun-2018 18:37:23.213 INFO [Thread-5] org.apache.coyote.AbstractProtocol.pause Pausing ProtocolHandler ["http-nio-8080"]
29-Jun-2018 18:37:23.324 INFO [Thread-5] org.apache.coyote.AbstractProtocol.pause Pausing ProtocolHandler ["ajp-nio-8009"]
29-Jun-2018 18:37:23.431 INFO [Thread-5] org.apache.catalina.core.StandardService.stopInternal Stopping service [Catalina]
29-Jun-2018 18:37:23.488 INFO [Thread-5] org.apache.coyote.AbstractProtocol.stop Stopping ProtocolHandler ["http-nio-8080"]
29-Jun-2018 18:37:23.489 INFO [Thread-5] org.apache.coyote.AbstractProtocol.stop Stopping ProtocolHandler ["ajp-nio-8009"]
29-Jun-2018 18:37:23.499 INFO [Thread-5] org.apache.coyote.AbstractProtocol.destroy Destroying ProtocolHandler ["http-nio-8080"]
29-Jun-2018 18:37:23.500 INFO [Thread-5] org.apache.coyote.AbstractProtocol.destroy Destroying ProtocolHandler ["ajp-nio-8009"]
29-Jun-2018 18:38:59.111 INFO [main] org.apache.catalina.startup.VersionLoggerListener.log Server version:        Apache Tomcat/9.0.10
29-Jun-2018 18:38:59.112 INFO [main] org.apache.catalina.startup.VersionLoggerListener.log Server built:          Jun 20 2018 17:32:21 UTC
29-Jun-2018 18:38:59.112 INFO [main] org.apache.catalina.startup.VersionLoggerListener.log Server number:         9.0.10.0
29-Jun-2018 18:38:59.113 INFO [main] org.apache.catalina.startup.VersionLoggerListener.log OS Name:               Windows 10
29-Jun-2018 18:38:59.113 INFO [main] org.apache.catalina.startup.VersionLoggerListener.log OS Version:            10.0
29-Jun-2018 18:38:59.113 INFO [main] org.apache.catalina.startup.VersionLoggerListener.log Architecture:          amd64
29-Jun-2018 18:38:59.113 INFO [main] org.apache.catalina.startup.VersionLoggerListener.log Java Home:             C:\Program Files\Java\jre1.8.0_171
29-Jun-2018 18:38:59.114 INFO [main] org.apache.catalina.startup.VersionLoggerListener.log JVM Version:           1.8.0_171-b11
29-Jun-2018 18:38:59.114 INFO [main] org.apache.catalina.startup.VersionLoggerListener.log JVM Vendor:            Oracle Corporation
29-Jun-2018 18:38:59.114 INFO [main] org.apache.catalina.startup.VersionLoggerListener.log CATALINA_BASE:         C:\Users\suimi\JAC\EJB\apache-tomcat-9.0.10
29-Jun-2018 18:38:59.114 INFO [main] org.apache.catalina.startup.VersionLoggerListener.log CATALINA_HOME:         C:\Users\suimi\JAC\EJB\apache-tomcat-9.0.10
29-Jun-2018 18:38:59.114 INFO [main] org.apache.catalina.startup.VersionLoggerListener.log Command line argument: -Djava.util.logging.config.file=C:\Users\suimi\JAC\EJB\apache-tomcat-9.0.10\conf\logging.properties
29-Jun-2018 18:38:59.114 INFO [main] org.apache.catalina.startup.VersionLoggerListener.log Command line argument: -Djava.util.logging.manager=org.apache.juli.ClassLoaderLogManager
29-Jun-2018 18:38:59.115 INFO [main] org.apache.catalina.startup.VersionLoggerListener.log Command line argument: -Djdk.tls.ephemeralDHKeySize=2048
29-Jun-2018 18:38:59.115 INFO [main] org.apache.catalina.startup.VersionLoggerListener.log Command line argument: -Djava.protocol.handler.pkgs=org.apache.catalina.webresources
29-Jun-2018 18:38:59.115 INFO [main] org.apache.catalina.startup.VersionLoggerListener.log Command line argument: -Dignore.endorsed.dirs=
29-Jun-2018 18:38:59.115 INFO [main] org.apache.catalina.startup.VersionLoggerListener.log Command line argument: -Dcatalina.base=C:\Users\suimi\JAC\EJB\apache-tomcat-9.0.10
29-Jun-2018 18:38:59.115 INFO [main] org.apache.catalina.startup.VersionLoggerListener.log Command line argument: -Dcatalina.home=C:\Users\suimi\JAC\EJB\apache-tomcat-9.0.10
29-Jun-2018 18:38:59.115 INFO [main] org.apache.catalina.startup.VersionLoggerListener.log Command line argument: -Djava.io.tmpdir=C:\Users\suimi\JAC\EJB\apache-tomcat-9.0.10\temp
29-Jun-2018 18:38:59.115 INFO [main] org.apache.catalina.core.AprLifecycleListener.lifecycleEvent The APR based Apache Tomcat Native library which allows optimal performance in production environments was not found on the java.library.path: [C:\Program Files\Java\jre1.8.0_171\bin;C:\WINDOWS\Sun\Java\bin;C:\WINDOWS\system32;C:\WINDOWS;C:\Program Files (x86)\Intel\iCLS Client\;C:\Program Files (x86)\Common Files\Oracle\Java\javapath;C:\Program Files\Microsoft MPI\Bin\;C:\ProgramData\Oracle\Java\javapath;C:\Program Files\Intel\iCLS Client\;C:\Windows\system32;C:\Windows;C:\Windows\System32\Wbem;C:\Windows\System32\WindowsPowerShell\v1.0\;C:\Program Files (x86)\NVIDIA Corporation\PhysX\Common;C:\WINDOWS\system32;C:\WINDOWS;C:\WINDOWS\System32\Wbem;C:\WINDOWS\System32\WindowsPowerShell\v1.0\;C:\Program Files\dotnet\;C:\Program Files\Microsoft SQL Server\130\Tools\Binn\;C:\Program Files (x86)\Xoreax\IncrediBuild;C:\Program Files\Git\cmd;C:\xampp\php;C:\composer;C:\Program Files (x86)\Intel\Intel(R) Management Engine Components\DAL;C:\Program Files\Intel\Intel(R) Management Engine Components\DAL;C:\Program Files (x86)\Intel\Intel(R) Management Engine Components\IPT;C:\Program Files\Intel\Intel(R) Management Engine Components\IPT;C:\Program Files (x86)\Microsoft SQL Server\Client SDK\ODBC\130\Tools\Binn\;C:\Program Files (x86)\Microsoft SQL Server\140\Tools\Binn\;C:\Program Files (x86)\Microsoft SQL Server\140\DTS\Binn\;C:\Program Files (x86)\Microsoft SQL Server\140\Tools\Binn\ManagementStudio\;C:\Program Files\Microsoft SQL Server\Client SDK\ODBC\130\Tools\Binn\;C:\Program Files\Microsoft SQL Server\140\Tools\Binn\;C:\Program Files\Microsoft SQL Server\140\DTS\Binn\;C:\Program Files (x86)\Brackets\command;C:\Program Files\nodejs\;C:\WINDOWS\System32\OpenSSH\;C:\Users\suimi\AppData\Local\Microsoft\WindowsApps;C:\Users\suimi\AppData\Roaming\Composer\vendor\bin;C:\Users\suimi\AppData\Local\GitHubDesktop\bin;C:\Program Files\Microsoft VS Code\bin;C:\Users\suimi\AppData\Roaming\npm;%USERPROFILE%\AppData\Local\Microsoft\WindowsApps;;C:\Program Files (x86)\ESTsoft\ALSee\x64;.]
29-Jun-2018 18:38:59.191 INFO [main] org.apache.coyote.AbstractProtocol.init Initializing ProtocolHandler ["http-nio-8080"]
29-Jun-2018 18:38:59.284 INFO [main] org.apache.tomcat.util.net.NioSelectorPool.getSharedSelector Using a shared selector for servlet write/read
29-Jun-2018 18:38:59.291 INFO [main] org.apache.coyote.AbstractProtocol.init Initializing ProtocolHandler ["ajp-nio-8009"]
29-Jun-2018 18:38:59.293 INFO [main] org.apache.tomcat.util.net.NioSelectorPool.getSharedSelector Using a shared selector for servlet write/read
29-Jun-2018 18:38:59.293 INFO [main] org.apache.catalina.startup.Catalina.load Initialization processed in 429 ms
29-Jun-2018 18:38:59.310 INFO [main] org.apache.catalina.core.StandardService.startInternal Starting service [Catalina]
29-Jun-2018 18:38:59.310 INFO [main] org.apache.catalina.core.StandardEngine.startInternal Starting Servlet Engine: Apache Tomcat/9.0.10
29-Jun-2018 18:38:59.327 INFO [main] org.apache.catalina.startup.HostConfig.deployWAR Deploying web application archive [C:\Users\suimi\JAC\EJB\apache-tomcat-9.0.10\webapps\1796138.war]
29-Jun-2018 18:38:59.346 INFO [main] org.apache.catalina.startup.ExpandWar.expand An expanded directory [C:\Users\suimi\JAC\EJB\apache-tomcat-9.0.10\webapps\1796138] was found with a last modified time that did not match the associated WAR. It will be deleted.
29-Jun-2018 18:38:59.592 INFO [main] org.apache.jasper.servlet.TldScanner.scanJars At least one JAR was scanned for TLDs yet contained no TLDs. Enable debug logging for this logger for a complete list of JARs that were scanned but no TLDs were found in them. Skipping unneeded JARs during scanning can improve startup time and JSP compilation time.
29-Jun-2018 18:38:59.646 INFO [main] org.apache.catalina.startup.HostConfig.deployWAR Deployment of web application archive [C:\Users\suimi\JAC\EJB\apache-tomcat-9.0.10\webapps\1796138.war] has finished in [318] ms
29-Jun-2018 18:38:59.648 INFO [main] org.apache.catalina.startup.HostConfig.deployWAR Deploying web application archive [C:\Users\suimi\JAC\EJB\apache-tomcat-9.0.10\webapps\Export1.war]
29-Jun-2018 18:38:59.713 INFO [main] org.apache.jasper.servlet.TldScanner.scanJars At least one JAR was scanned for TLDs yet contained no TLDs. Enable debug logging for this logger for a complete list of JARs that were scanned but no TLDs were found in them. Skipping unneeded JARs during scanning can improve startup time and JSP compilation time.
29-Jun-2018 18:38:59.716 INFO [main] org.apache.catalina.startup.HostConfig.deployWAR Deployment of web application archive [C:\Users\suimi\JAC\EJB\apache-tomcat-9.0.10\webapps\Export1.war] has finished in [68] ms
29-Jun-2018 18:38:59.717 INFO [main] org.apache.catalina.startup.HostConfig.deployDirectory Deploying web application directory [C:\Users\suimi\JAC\EJB\apache-tomcat-9.0.10\webapps\docs]
29-Jun-2018 18:38:59.741 INFO [main] org.apache.catalina.startup.HostConfig.deployDirectory Deployment of web application directory [C:\Users\suimi\JAC\EJB\apache-tomcat-9.0.10\webapps\docs] has finished in [24] ms
29-Jun-2018 18:38:59.742 INFO [main] org.apache.catalina.startup.HostConfig.deployDirectory Deploying web application directory [C:\Users\suimi\JAC\EJB\apache-tomcat-9.0.10\webapps\examples]
29-Jun-2018 18:39:00.081 INFO [main] org.apache.catalina.startup.HostConfig.deployDirectory Deployment of web application directory [C:\Users\suimi\JAC\EJB\apache-tomcat-9.0.10\webapps\examples] has finished in [339] ms
29-Jun-2018 18:39:00.082 INFO [main] org.apache.catalina.startup.HostConfig.deployDirectory Deploying web application directory [C:\Users\suimi\JAC\EJB\apache-tomcat-9.0.10\webapps\host-manager]
29-Jun-2018 18:39:00.114 INFO [main] org.apache.catalina.startup.HostConfig.deployDirectory Deployment of web application directory [C:\Users\suimi\JAC\EJB\apache-tomcat-9.0.10\webapps\host-manager] has finished in [33] ms
29-Jun-2018 18:39:00.115 INFO [main] org.apache.catalina.startup.HostConfig.deployDirectory Deploying web application directory [C:\Users\suimi\JAC\EJB\apache-tomcat-9.0.10\webapps\manager]
29-Jun-2018 18:39:00.139 INFO [main] org.apache.catalina.startup.HostConfig.deployDirectory Deployment of web application directory [C:\Users\suimi\JAC\EJB\apache-tomcat-9.0.10\webapps\manager] has finished in [24] ms
29-Jun-2018 18:39:00.140 INFO [main] org.apache.catalina.startup.HostConfig.deployDirectory Deploying web application directory [C:\Users\suimi\JAC\EJB\apache-tomcat-9.0.10\webapps\ROOT]
29-Jun-2018 18:39:00.159 INFO [main] org.apache.catalina.startup.HostConfig.deployDirectory Deployment of web application directory [C:\Users\suimi\JAC\EJB\apache-tomcat-9.0.10\webapps\ROOT] has finished in [19] ms
29-Jun-2018 18:39:00.162 INFO [main] org.apache.coyote.AbstractProtocol.start Starting ProtocolHandler ["http-nio-8080"]
29-Jun-2018 18:39:00.169 INFO [main] org.apache.coyote.AbstractProtocol.start Starting ProtocolHandler ["ajp-nio-8009"]
29-Jun-2018 18:39:00.171 INFO [main] org.apache.catalina.startup.Catalina.start Server startup in 878 ms
29-Jun-2018 18:39:57.590 INFO [Thread-5] org.apache.coyote.AbstractProtocol.pause Pausing ProtocolHandler ["http-nio-8080"]
29-Jun-2018 18:39:57.694 INFO [Thread-5] org.apache.coyote.AbstractProtocol.pause Pausing ProtocolHandler ["ajp-nio-8009"]
29-Jun-2018 18:39:57.754 INFO [Thread-5] org.apache.catalina.core.StandardService.stopInternal Stopping service [Catalina]
29-Jun-2018 18:39:57.772 INFO [Thread-5] org.apache.coyote.AbstractProtocol.stop Stopping ProtocolHandler ["http-nio-8080"]
29-Jun-2018 18:39:57.773 INFO [Thread-5] org.apache.coyote.AbstractProtocol.stop Stopping ProtocolHandler ["ajp-nio-8009"]
29-Jun-2018 18:39:57.782 INFO [Thread-5] org.apache.coyote.AbstractProtocol.destroy Destroying ProtocolHandler ["http-nio-8080"]
29-Jun-2018 18:39:57.784 INFO [Thread-5] org.apache.coyote.AbstractProtocol.destroy Destroying ProtocolHandler ["ajp-nio-8009"]
