28-Jun-2018 12:02:27.131 INFO [main] org.apache.catalina.startup.VersionLoggerListener.log Server version:        Apache Tomcat/9.0.10
28-Jun-2018 12:02:27.134 INFO [main] org.apache.catalina.startup.VersionLoggerListener.log Server built:          Jun 20 2018 17:32:21 UTC
28-Jun-2018 12:02:27.134 INFO [main] org.apache.catalina.startup.VersionLoggerListener.log Server number:         9.0.10.0
28-Jun-2018 12:02:27.135 INFO [main] org.apache.catalina.startup.VersionLoggerListener.log OS Name:               Windows 10
28-Jun-2018 12:02:27.135 INFO [main] org.apache.catalina.startup.VersionLoggerListener.log OS Version:            10.0
28-Jun-2018 12:02:27.135 INFO [main] org.apache.catalina.startup.VersionLoggerListener.log Architecture:          amd64
28-Jun-2018 12:02:27.135 INFO [main] org.apache.catalina.startup.VersionLoggerListener.log Java Home:             C:\Program Files\Java\jdk1.8.0_144\jre
28-Jun-2018 12:02:27.135 INFO [main] org.apache.catalina.startup.VersionLoggerListener.log JVM Version:           1.8.0_144-b01
28-Jun-2018 12:02:27.135 INFO [main] org.apache.catalina.startup.VersionLoggerListener.log JVM Vendor:            Oracle Corporation
28-Jun-2018 12:02:27.137 INFO [main] org.apache.catalina.startup.VersionLoggerListener.log CATALINA_BASE:         E:\SuimPark\Enterprise Java Beans\EJB\apache-tomcat-9.0.10
28-Jun-2018 12:02:27.137 INFO [main] org.apache.catalina.startup.VersionLoggerListener.log CATALINA_HOME:         E:\SuimPark\Enterprise Java Beans\EJB\apache-tomcat-9.0.10
28-Jun-2018 12:02:27.137 INFO [main] org.apache.catalina.startup.VersionLoggerListener.log Command line argument: -Djava.util.logging.config.file=E:\SuimPark\Enterprise Java Beans\EJB\apache-tomcat-9.0.10\conf\logging.properties
28-Jun-2018 12:02:27.138 INFO [main] org.apache.catalina.startup.VersionLoggerListener.log Command line argument: -Djava.util.logging.manager=org.apache.juli.ClassLoaderLogManager
28-Jun-2018 12:02:27.138 INFO [main] org.apache.catalina.startup.VersionLoggerListener.log Command line argument: -Djdk.tls.ephemeralDHKeySize=2048
28-Jun-2018 12:02:27.138 INFO [main] org.apache.catalina.startup.VersionLoggerListener.log Command line argument: -Djava.protocol.handler.pkgs=org.apache.catalina.webresources
28-Jun-2018 12:02:27.138 INFO [main] org.apache.catalina.startup.VersionLoggerListener.log Command line argument: -Dignore.endorsed.dirs=
28-Jun-2018 12:02:27.138 INFO [main] org.apache.catalina.startup.VersionLoggerListener.log Command line argument: -Dcatalina.base=E:\SuimPark\Enterprise Java Beans\EJB\apache-tomcat-9.0.10
28-Jun-2018 12:02:27.138 INFO [main] org.apache.catalina.startup.VersionLoggerListener.log Command line argument: -Dcatalina.home=E:\SuimPark\Enterprise Java Beans\EJB\apache-tomcat-9.0.10
28-Jun-2018 12:02:27.139 INFO [main] org.apache.catalina.startup.VersionLoggerListener.log Command line argument: -Djava.io.tmpdir=E:\SuimPark\Enterprise Java Beans\EJB\apache-tomcat-9.0.10\temp
28-Jun-2018 12:02:27.139 INFO [main] org.apache.catalina.core.AprLifecycleListener.lifecycleEvent The APR based Apache Tomcat Native library which allows optimal performance in production environments was not found on the java.library.path: [C:\Program Files\Java\jdk1.8.0_144\bin;C:\WINDOWS\Sun\Java\bin;C:\WINDOWS\system32;C:\WINDOWS;C:\Ruby\bin;C:\Program Files (x86)\Common Files\Oracle\Java\javapath;C:\ProgramData\Oracle\Java\javapath;C:\Program Files\Microsoft MPI\Bin\;C:\WINDOWS\system32;C:\WINDOWS;C:\WINDOWS\System32\Wbem;C:\WINDOWS\System32\WindowsPowerShell\v1.0\;C:\Program Files\PuTTY\;C:\Program Files\Microsoft SQL Server\130\Tools\Binn\;C:\Program Files\dotnet\;C:\Program Files (x86)\Microsoft SQL Server\130\Tools\Binn\;C:\Program Files (x86)\Microsoft SQL Server\130\DTS\Binn\;C:\Program Files\Microsoft SQL Server\130\DTS\Binn\;C:\Program Files\Microsoft SQL Server\Client SDK\ODBC\130\Tools\Binn\;C:\Program Files (x86)\Microsoft SQL Server\Client SDK\ODBC\130\Tools\Binn\;C:\Program Files (x86)\Microsoft SQL Server\130\Tools\Binn\ManagementStudio\;C:\Program Files (x86)\Microsoft SQL Server\110\DTS\Binn\;C:\Program Files (x86)\Microsoft SQL Server\120\DTS\Binn\;C:\xampp\php;C:\Program Files\MySQL\MySQL Utilities 1.6\;C:\Users\1796138\Composer;C:\Program Files\Java\jdk-10.0.1\bin\;;C:\WINDOWS\System32\OpenSSH\;C:\Ruby24-x64\bin;C:\Users\1796138\AppData\Local\Microsoft\WindowsApps;C:\Users\1796138\Composer;C:\Users\1796138\AppData\Roaming\Composer\vendor\bin;;.]
28-Jun-2018 12:02:27.255 INFO [main] org.apache.coyote.AbstractProtocol.init Initializing ProtocolHandler ["http-nio-8080"]
28-Jun-2018 12:02:27.267 SEVERE [main] org.apache.catalina.util.LifecycleBase.handleSubClassException Failed to initialize component [Connector[HTTP/1.1-8080]]
 org.apache.catalina.LifecycleException: Protocol handler initialization failed
	at org.apache.catalina.connector.Connector.initInternal(Connector.java:935)
	at org.apache.catalina.util.LifecycleBase.init(LifecycleBase.java:136)
	at org.apache.catalina.core.StandardService.initInternal(StandardService.java:530)
	at org.apache.catalina.util.LifecycleBase.init(LifecycleBase.java:136)
	at org.apache.catalina.core.StandardServer.initInternal(StandardServer.java:852)
	at org.apache.catalina.util.LifecycleBase.init(LifecycleBase.java:136)
	at org.apache.catalina.startup.Catalina.load(Catalina.java:633)
	at org.apache.catalina.startup.Catalina.load(Catalina.java:656)
	at sun.reflect.NativeMethodAccessorImpl.invoke0(Native Method)
	at sun.reflect.NativeMethodAccessorImpl.invoke(NativeMethodAccessorImpl.java:62)
	at sun.reflect.DelegatingMethodAccessorImpl.invoke(DelegatingMethodAccessorImpl.java:43)
	at java.lang.reflect.Method.invoke(Method.java:498)
	at org.apache.catalina.startup.Bootstrap.load(Bootstrap.java:306)
	at org.apache.catalina.startup.Bootstrap.main(Bootstrap.java:491)
Caused by: java.net.BindException: Address already in use: bind
	at sun.nio.ch.Net.bind0(Native Method)
	at sun.nio.ch.Net.bind(Net.java:433)
	at sun.nio.ch.Net.bind(Net.java:425)
	at sun.nio.ch.ServerSocketChannelImpl.bind(ServerSocketChannelImpl.java:223)
	at sun.nio.ch.ServerSocketAdaptor.bind(ServerSocketAdaptor.java:74)
	at org.apache.tomcat.util.net.NioEndpoint.initServerSocket(NioEndpoint.java:227)
	at org.apache.tomcat.util.net.NioEndpoint.bind(NioEndpoint.java:202)
	at org.apache.tomcat.util.net.AbstractEndpoint.init(AbstractEndpoint.java:1043)
	at org.apache.coyote.AbstractProtocol.init(AbstractProtocol.java:540)
	at org.apache.coyote.http11.AbstractHttp11Protocol.init(AbstractHttp11Protocol.java:74)
	at org.apache.catalina.connector.Connector.initInternal(Connector.java:932)
	... 13 more

28-Jun-2018 12:02:27.269 INFO [main] org.apache.coyote.AbstractProtocol.init Initializing ProtocolHandler ["ajp-nio-8009"]
28-Jun-2018 12:02:27.270 SEVERE [main] org.apache.catalina.util.LifecycleBase.handleSubClassException Failed to initialize component [Connector[AJP/1.3-8009]]
 org.apache.catalina.LifecycleException: Protocol handler initialization failed
	at org.apache.catalina.connector.Connector.initInternal(Connector.java:935)
	at org.apache.catalina.util.LifecycleBase.init(LifecycleBase.java:136)
	at org.apache.catalina.core.StandardService.initInternal(StandardService.java:530)
	at org.apache.catalina.util.LifecycleBase.init(LifecycleBase.java:136)
	at org.apache.catalina.core.StandardServer.initInternal(StandardServer.java:852)
	at org.apache.catalina.util.LifecycleBase.init(LifecycleBase.java:136)
	at org.apache.catalina.startup.Catalina.load(Catalina.java:633)
	at org.apache.catalina.startup.Catalina.load(Catalina.java:656)
	at sun.reflect.NativeMethodAccessorImpl.invoke0(Native Method)
	at sun.reflect.NativeMethodAccessorImpl.invoke(NativeMethodAccessorImpl.java:62)
	at sun.reflect.DelegatingMethodAccessorImpl.invoke(DelegatingMethodAccessorImpl.java:43)
	at java.lang.reflect.Method.invoke(Method.java:498)
	at org.apache.catalina.startup.Bootstrap.load(Bootstrap.java:306)
	at org.apache.catalina.startup.Bootstrap.main(Bootstrap.java:491)
Caused by: java.net.BindException: Address already in use: bind
	at sun.nio.ch.Net.bind0(Native Method)
	at sun.nio.ch.Net.bind(Net.java:433)
	at sun.nio.ch.Net.bind(Net.java:425)
	at sun.nio.ch.ServerSocketChannelImpl.bind(ServerSocketChannelImpl.java:223)
	at sun.nio.ch.ServerSocketAdaptor.bind(ServerSocketAdaptor.java:74)
	at org.apache.tomcat.util.net.NioEndpoint.initServerSocket(NioEndpoint.java:227)
	at org.apache.tomcat.util.net.NioEndpoint.bind(NioEndpoint.java:202)
	at org.apache.tomcat.util.net.AbstractEndpoint.init(AbstractEndpoint.java:1043)
	at org.apache.coyote.AbstractProtocol.init(AbstractProtocol.java:540)
	at org.apache.catalina.connector.Connector.initInternal(Connector.java:932)
	... 13 more

28-Jun-2018 12:02:27.271 INFO [main] org.apache.catalina.startup.Catalina.load Initialization processed in 453 ms
28-Jun-2018 12:02:27.303 INFO [main] org.apache.catalina.core.StandardService.startInternal Starting service [Catalina]
28-Jun-2018 12:02:27.304 INFO [main] org.apache.catalina.core.StandardEngine.startInternal Starting Servlet Engine: Apache Tomcat/9.0.10
28-Jun-2018 12:02:27.325 INFO [main] org.apache.catalina.startup.HostConfig.deployWAR Deploying web application archive [E:\SuimPark\Enterprise Java Beans\EJB\apache-tomcat-9.0.10\webapps\Export1.war]
28-Jun-2018 12:02:27.612 INFO [main] org.apache.jasper.servlet.TldScanner.scanJars At least one JAR was scanned for TLDs yet contained no TLDs. Enable debug logging for this logger for a complete list of JARs that were scanned but no TLDs were found in them. Skipping unneeded JARs during scanning can improve startup time and JSP compilation time.
28-Jun-2018 12:02:27.715 INFO [main] org.apache.catalina.startup.HostConfig.deployWAR Deployment of web application archive [E:\SuimPark\Enterprise Java Beans\EJB\apache-tomcat-9.0.10\webapps\Export1.war] has finished in [390] ms
28-Jun-2018 12:02:27.716 INFO [main] org.apache.catalina.startup.HostConfig.deployDirectory Deploying web application directory [E:\SuimPark\Enterprise Java Beans\EJB\apache-tomcat-9.0.10\webapps\docs]
28-Jun-2018 12:02:27.741 INFO [main] org.apache.catalina.startup.HostConfig.deployDirectory Deployment of web application directory [E:\SuimPark\Enterprise Java Beans\EJB\apache-tomcat-9.0.10\webapps\docs] has finished in [24] ms
28-Jun-2018 12:02:27.741 INFO [main] org.apache.catalina.startup.HostConfig.deployDirectory Deploying web application directory [E:\SuimPark\Enterprise Java Beans\EJB\apache-tomcat-9.0.10\webapps\examples]
28-Jun-2018 12:02:28.133 INFO [main] org.apache.catalina.startup.HostConfig.deployDirectory Deployment of web application directory [E:\SuimPark\Enterprise Java Beans\EJB\apache-tomcat-9.0.10\webapps\examples] has finished in [392] ms
28-Jun-2018 12:02:28.133 INFO [main] org.apache.catalina.startup.HostConfig.deployDirectory Deploying web application directory [E:\SuimPark\Enterprise Java Beans\EJB\apache-tomcat-9.0.10\webapps\host-manager]
28-Jun-2018 12:02:28.164 INFO [main] org.apache.catalina.startup.HostConfig.deployDirectory Deployment of web application directory [E:\SuimPark\Enterprise Java Beans\EJB\apache-tomcat-9.0.10\webapps\host-manager] has finished in [31] ms
28-Jun-2018 12:02:28.165 INFO [main] org.apache.catalina.startup.HostConfig.deployDirectory Deploying web application directory [E:\SuimPark\Enterprise Java Beans\EJB\apache-tomcat-9.0.10\webapps\manager]
28-Jun-2018 12:02:28.194 INFO [main] org.apache.catalina.startup.HostConfig.deployDirectory Deployment of web application directory [E:\SuimPark\Enterprise Java Beans\EJB\apache-tomcat-9.0.10\webapps\manager] has finished in [29] ms
28-Jun-2018 12:02:28.194 INFO [main] org.apache.catalina.startup.HostConfig.deployDirectory Deploying web application directory [E:\SuimPark\Enterprise Java Beans\EJB\apache-tomcat-9.0.10\webapps\ROOT]
28-Jun-2018 12:02:28.218 INFO [main] org.apache.catalina.startup.HostConfig.deployDirectory Deployment of web application directory [E:\SuimPark\Enterprise Java Beans\EJB\apache-tomcat-9.0.10\webapps\ROOT] has finished in [23] ms
28-Jun-2018 12:02:28.220 INFO [main] org.apache.catalina.startup.Catalina.start Server startup in 948 ms
28-Jun-2018 12:02:28.225 SEVERE [main] org.apache.catalina.core.StandardServer.await StandardServer.await: create[localhost:8005]: 
 java.net.BindException: Address already in use: JVM_Bind
	at java.net.DualStackPlainSocketImpl.bind0(Native Method)
	at java.net.DualStackPlainSocketImpl.socketBind(DualStackPlainSocketImpl.java:106)
	at java.net.AbstractPlainSocketImpl.bind(AbstractPlainSocketImpl.java:387)
	at java.net.PlainSocketImpl.bind(PlainSocketImpl.java:190)
	at java.net.ServerSocket.bind(ServerSocket.java:375)
	at java.net.ServerSocket.<init>(ServerSocket.java:237)
	at org.apache.catalina.core.StandardServer.await(StandardServer.java:422)
	at org.apache.catalina.startup.Catalina.await(Catalina.java:770)
	at org.apache.catalina.startup.Catalina.start(Catalina.java:716)
	at sun.reflect.NativeMethodAccessorImpl.invoke0(Native Method)
	at sun.reflect.NativeMethodAccessorImpl.invoke(NativeMethodAccessorImpl.java:62)
	at sun.reflect.DelegatingMethodAccessorImpl.invoke(DelegatingMethodAccessorImpl.java:43)
	at java.lang.reflect.Method.invoke(Method.java:498)
	at org.apache.catalina.startup.Bootstrap.start(Bootstrap.java:350)
	at org.apache.catalina.startup.Bootstrap.main(Bootstrap.java:492)

28-Jun-2018 12:02:28.226 INFO [main] org.apache.coyote.AbstractProtocol.pause Pausing ProtocolHandler ["http-nio-8080"]
28-Jun-2018 12:02:28.226 INFO [main] org.apache.coyote.AbstractProtocol.pause Pausing ProtocolHandler ["ajp-nio-8009"]
28-Jun-2018 12:02:28.226 INFO [main] org.apache.catalina.core.StandardService.stopInternal Stopping service [Catalina]
28-Jun-2018 12:02:28.249 INFO [main] org.apache.coyote.AbstractProtocol.stop Stopping ProtocolHandler ["http-nio-8080"]
28-Jun-2018 12:02:28.250 INFO [main] org.apache.coyote.AbstractProtocol.destroy Destroying ProtocolHandler ["http-nio-8080"]
28-Jun-2018 12:02:28.251 INFO [main] org.apache.coyote.AbstractProtocol.stop Stopping ProtocolHandler ["ajp-nio-8009"]
28-Jun-2018 12:02:28.252 INFO [main] org.apache.coyote.AbstractProtocol.destroy Destroying ProtocolHandler ["ajp-nio-8009"]
28-Jun-2018 12:02:58.203 INFO [main] org.apache.catalina.startup.VersionLoggerListener.log Server version:        Apache Tomcat/9.0.10
28-Jun-2018 12:02:58.206 INFO [main] org.apache.catalina.startup.VersionLoggerListener.log Server built:          Jun 20 2018 17:32:21 UTC
28-Jun-2018 12:02:58.206 INFO [main] org.apache.catalina.startup.VersionLoggerListener.log Server number:         9.0.10.0
28-Jun-2018 12:02:58.206 INFO [main] org.apache.catalina.startup.VersionLoggerListener.log OS Name:               Windows 10
28-Jun-2018 12:02:58.206 INFO [main] org.apache.catalina.startup.VersionLoggerListener.log OS Version:            10.0
28-Jun-2018 12:02:58.206 INFO [main] org.apache.catalina.startup.VersionLoggerListener.log Architecture:          amd64
28-Jun-2018 12:02:58.206 INFO [main] org.apache.catalina.startup.VersionLoggerListener.log Java Home:             C:\Program Files\Java\jdk1.8.0_144\jre
28-Jun-2018 12:02:58.206 INFO [main] org.apache.catalina.startup.VersionLoggerListener.log JVM Version:           1.8.0_144-b01
28-Jun-2018 12:02:58.207 INFO [main] org.apache.catalina.startup.VersionLoggerListener.log JVM Vendor:            Oracle Corporation
28-Jun-2018 12:02:58.207 INFO [main] org.apache.catalina.startup.VersionLoggerListener.log CATALINA_BASE:         E:\SuimPark\Enterprise Java Beans\EJB\apache-tomcat-9.0.10
28-Jun-2018 12:02:58.207 INFO [main] org.apache.catalina.startup.VersionLoggerListener.log CATALINA_HOME:         E:\SuimPark\Enterprise Java Beans\EJB\apache-tomcat-9.0.10
28-Jun-2018 12:02:58.207 INFO [main] org.apache.catalina.startup.VersionLoggerListener.log Command line argument: -Djava.util.logging.config.file=E:\SuimPark\Enterprise Java Beans\EJB\apache-tomcat-9.0.10\conf\logging.properties
28-Jun-2018 12:02:58.207 INFO [main] org.apache.catalina.startup.VersionLoggerListener.log Command line argument: -Djava.util.logging.manager=org.apache.juli.ClassLoaderLogManager
28-Jun-2018 12:02:58.207 INFO [main] org.apache.catalina.startup.VersionLoggerListener.log Command line argument: -Djdk.tls.ephemeralDHKeySize=2048
28-Jun-2018 12:02:58.207 INFO [main] org.apache.catalina.startup.VersionLoggerListener.log Command line argument: -Djava.protocol.handler.pkgs=org.apache.catalina.webresources
28-Jun-2018 12:02:58.207 INFO [main] org.apache.catalina.startup.VersionLoggerListener.log Command line argument: -Dignore.endorsed.dirs=
28-Jun-2018 12:02:58.208 INFO [main] org.apache.catalina.startup.VersionLoggerListener.log Command line argument: -Dcatalina.base=E:\SuimPark\Enterprise Java Beans\EJB\apache-tomcat-9.0.10
28-Jun-2018 12:02:58.208 INFO [main] org.apache.catalina.startup.VersionLoggerListener.log Command line argument: -Dcatalina.home=E:\SuimPark\Enterprise Java Beans\EJB\apache-tomcat-9.0.10
28-Jun-2018 12:02:58.209 INFO [main] org.apache.catalina.startup.VersionLoggerListener.log Command line argument: -Djava.io.tmpdir=E:\SuimPark\Enterprise Java Beans\EJB\apache-tomcat-9.0.10\temp
28-Jun-2018 12:02:58.209 INFO [main] org.apache.catalina.core.AprLifecycleListener.lifecycleEvent The APR based Apache Tomcat Native library which allows optimal performance in production environments was not found on the java.library.path: [C:\Program Files\Java\jdk1.8.0_144\bin;C:\WINDOWS\Sun\Java\bin;C:\WINDOWS\system32;C:\WINDOWS;C:\Ruby\bin;C:\Program Files (x86)\Common Files\Oracle\Java\javapath;C:\ProgramData\Oracle\Java\javapath;C:\Program Files\Microsoft MPI\Bin\;C:\WINDOWS\system32;C:\WINDOWS;C:\WINDOWS\System32\Wbem;C:\WINDOWS\System32\WindowsPowerShell\v1.0\;C:\Program Files\PuTTY\;C:\Program Files\Microsoft SQL Server\130\Tools\Binn\;C:\Program Files\dotnet\;C:\Program Files (x86)\Microsoft SQL Server\130\Tools\Binn\;C:\Program Files (x86)\Microsoft SQL Server\130\DTS\Binn\;C:\Program Files\Microsoft SQL Server\130\DTS\Binn\;C:\Program Files\Microsoft SQL Server\Client SDK\ODBC\130\Tools\Binn\;C:\Program Files (x86)\Microsoft SQL Server\Client SDK\ODBC\130\Tools\Binn\;C:\Program Files (x86)\Microsoft SQL Server\130\Tools\Binn\ManagementStudio\;C:\Program Files (x86)\Microsoft SQL Server\110\DTS\Binn\;C:\Program Files (x86)\Microsoft SQL Server\120\DTS\Binn\;C:\xampp\php;C:\Program Files\MySQL\MySQL Utilities 1.6\;C:\Users\1796138\Composer;C:\Program Files\Java\jdk-10.0.1\bin\;;C:\WINDOWS\System32\OpenSSH\;C:\Ruby24-x64\bin;C:\Users\1796138\AppData\Local\Microsoft\WindowsApps;C:\Users\1796138\Composer;C:\Users\1796138\AppData\Roaming\Composer\vendor\bin;;.]
28-Jun-2018 12:02:58.323 INFO [main] org.apache.coyote.AbstractProtocol.init Initializing ProtocolHandler ["http-nio-8080"]
28-Jun-2018 12:02:58.333 SEVERE [main] org.apache.catalina.util.LifecycleBase.handleSubClassException Failed to initialize component [Connector[HTTP/1.1-8080]]
 org.apache.catalina.LifecycleException: Protocol handler initialization failed
	at org.apache.catalina.connector.Connector.initInternal(Connector.java:935)
	at org.apache.catalina.util.LifecycleBase.init(LifecycleBase.java:136)
	at org.apache.catalina.core.StandardService.initInternal(StandardService.java:530)
	at org.apache.catalina.util.LifecycleBase.init(LifecycleBase.java:136)
	at org.apache.catalina.core.StandardServer.initInternal(StandardServer.java:852)
	at org.apache.catalina.util.LifecycleBase.init(LifecycleBase.java:136)
	at org.apache.catalina.startup.Catalina.load(Catalina.java:633)
	at org.apache.catalina.startup.Catalina.load(Catalina.java:656)
	at sun.reflect.NativeMethodAccessorImpl.invoke0(Native Method)
	at sun.reflect.NativeMethodAccessorImpl.invoke(NativeMethodAccessorImpl.java:62)
	at sun.reflect.DelegatingMethodAccessorImpl.invoke(DelegatingMethodAccessorImpl.java:43)
	at java.lang.reflect.Method.invoke(Method.java:498)
	at org.apache.catalina.startup.Bootstrap.load(Bootstrap.java:306)
	at org.apache.catalina.startup.Bootstrap.main(Bootstrap.java:491)
Caused by: java.net.BindException: Address already in use: bind
	at sun.nio.ch.Net.bind0(Native Method)
	at sun.nio.ch.Net.bind(Net.java:433)
	at sun.nio.ch.Net.bind(Net.java:425)
	at sun.nio.ch.ServerSocketChannelImpl.bind(ServerSocketChannelImpl.java:223)
	at sun.nio.ch.ServerSocketAdaptor.bind(ServerSocketAdaptor.java:74)
	at org.apache.tomcat.util.net.NioEndpoint.initServerSocket(NioEndpoint.java:227)
	at org.apache.tomcat.util.net.NioEndpoint.bind(NioEndpoint.java:202)
	at org.apache.tomcat.util.net.AbstractEndpoint.init(AbstractEndpoint.java:1043)
	at org.apache.coyote.AbstractProtocol.init(AbstractProtocol.java:540)
	at org.apache.coyote.http11.AbstractHttp11Protocol.init(AbstractHttp11Protocol.java:74)
	at org.apache.catalina.connector.Connector.initInternal(Connector.java:932)
	... 13 more

28-Jun-2018 12:02:58.335 INFO [main] org.apache.coyote.AbstractProtocol.init Initializing ProtocolHandler ["ajp-nio-8009"]
28-Jun-2018 12:02:58.336 SEVERE [main] org.apache.catalina.util.LifecycleBase.handleSubClassException Failed to initialize component [Connector[AJP/1.3-8009]]
 org.apache.catalina.LifecycleException: Protocol handler initialization failed
	at org.apache.catalina.connector.Connector.initInternal(Connector.java:935)
	at org.apache.catalina.util.LifecycleBase.init(LifecycleBase.java:136)
	at org.apache.catalina.core.StandardService.initInternal(StandardService.java:530)
	at org.apache.catalina.util.LifecycleBase.init(LifecycleBase.java:136)
	at org.apache.catalina.core.StandardServer.initInternal(StandardServer.java:852)
	at org.apache.catalina.util.LifecycleBase.init(LifecycleBase.java:136)
	at org.apache.catalina.startup.Catalina.load(Catalina.java:633)
	at org.apache.catalina.startup.Catalina.load(Catalina.java:656)
	at sun.reflect.NativeMethodAccessorImpl.invoke0(Native Method)
	at sun.reflect.NativeMethodAccessorImpl.invoke(NativeMethodAccessorImpl.java:62)
	at sun.reflect.DelegatingMethodAccessorImpl.invoke(DelegatingMethodAccessorImpl.java:43)
	at java.lang.reflect.Method.invoke(Method.java:498)
	at org.apache.catalina.startup.Bootstrap.load(Bootstrap.java:306)
	at org.apache.catalina.startup.Bootstrap.main(Bootstrap.java:491)
Caused by: java.net.BindException: Address already in use: bind
	at sun.nio.ch.Net.bind0(Native Method)
	at sun.nio.ch.Net.bind(Net.java:433)
	at sun.nio.ch.Net.bind(Net.java:425)
	at sun.nio.ch.ServerSocketChannelImpl.bind(ServerSocketChannelImpl.java:223)
	at sun.nio.ch.ServerSocketAdaptor.bind(ServerSocketAdaptor.java:74)
	at org.apache.tomcat.util.net.NioEndpoint.initServerSocket(NioEndpoint.java:227)
	at org.apache.tomcat.util.net.NioEndpoint.bind(NioEndpoint.java:202)
	at org.apache.tomcat.util.net.AbstractEndpoint.init(AbstractEndpoint.java:1043)
	at org.apache.coyote.AbstractProtocol.init(AbstractProtocol.java:540)
	at org.apache.catalina.connector.Connector.initInternal(Connector.java:932)
	... 13 more

28-Jun-2018 12:02:58.337 INFO [main] org.apache.catalina.startup.Catalina.load Initialization processed in 479 ms
28-Jun-2018 12:02:58.365 INFO [main] org.apache.catalina.core.StandardService.startInternal Starting service [Catalina]
28-Jun-2018 12:02:58.365 INFO [main] org.apache.catalina.core.StandardEngine.startInternal Starting Servlet Engine: Apache Tomcat/9.0.10
28-Jun-2018 12:02:58.385 INFO [main] org.apache.catalina.startup.HostConfig.deployWAR Deploying web application archive [E:\SuimPark\Enterprise Java Beans\EJB\apache-tomcat-9.0.10\webapps\Export1.war]
28-Jun-2018 12:02:58.650 INFO [main] org.apache.jasper.servlet.TldScanner.scanJars At least one JAR was scanned for TLDs yet contained no TLDs. Enable debug logging for this logger for a complete list of JARs that were scanned but no TLDs were found in them. Skipping unneeded JARs during scanning can improve startup time and JSP compilation time.
28-Jun-2018 12:02:58.751 INFO [main] org.apache.catalina.startup.HostConfig.deployWAR Deployment of web application archive [E:\SuimPark\Enterprise Java Beans\EJB\apache-tomcat-9.0.10\webapps\Export1.war] has finished in [365] ms
28-Jun-2018 12:02:58.752 INFO [main] org.apache.catalina.startup.HostConfig.deployDirectory Deploying web application directory [E:\SuimPark\Enterprise Java Beans\EJB\apache-tomcat-9.0.10\webapps\docs]
28-Jun-2018 12:02:58.774 INFO [main] org.apache.catalina.startup.HostConfig.deployDirectory Deployment of web application directory [E:\SuimPark\Enterprise Java Beans\EJB\apache-tomcat-9.0.10\webapps\docs] has finished in [22] ms
28-Jun-2018 12:02:58.776 INFO [main] org.apache.catalina.startup.HostConfig.deployDirectory Deploying web application directory [E:\SuimPark\Enterprise Java Beans\EJB\apache-tomcat-9.0.10\webapps\examples]
28-Jun-2018 12:02:59.079 INFO [main] org.apache.catalina.startup.HostConfig.deployDirectory Deployment of web application directory [E:\SuimPark\Enterprise Java Beans\EJB\apache-tomcat-9.0.10\webapps\examples] has finished in [303] ms
28-Jun-2018 12:02:59.079 INFO [main] org.apache.catalina.startup.HostConfig.deployDirectory Deploying web application directory [E:\SuimPark\Enterprise Java Beans\EJB\apache-tomcat-9.0.10\webapps\host-manager]
28-Jun-2018 12:02:59.108 INFO [main] org.apache.catalina.startup.HostConfig.deployDirectory Deployment of web application directory [E:\SuimPark\Enterprise Java Beans\EJB\apache-tomcat-9.0.10\webapps\host-manager] has finished in [29] ms
28-Jun-2018 12:02:59.108 INFO [main] org.apache.catalina.startup.HostConfig.deployDirectory Deploying web application directory [E:\SuimPark\Enterprise Java Beans\EJB\apache-tomcat-9.0.10\webapps\manager]
28-Jun-2018 12:02:59.133 INFO [main] org.apache.catalina.startup.HostConfig.deployDirectory Deployment of web application directory [E:\SuimPark\Enterprise Java Beans\EJB\apache-tomcat-9.0.10\webapps\manager] has finished in [25] ms
28-Jun-2018 12:02:59.133 INFO [main] org.apache.catalina.startup.HostConfig.deployDirectory Deploying web application directory [E:\SuimPark\Enterprise Java Beans\EJB\apache-tomcat-9.0.10\webapps\ROOT]
28-Jun-2018 12:02:59.154 INFO [main] org.apache.catalina.startup.HostConfig.deployDirectory Deployment of web application directory [E:\SuimPark\Enterprise Java Beans\EJB\apache-tomcat-9.0.10\webapps\ROOT] has finished in [21] ms
28-Jun-2018 12:02:59.157 INFO [main] org.apache.catalina.startup.Catalina.start Server startup in 819 ms
28-Jun-2018 12:02:59.161 SEVERE [main] org.apache.catalina.core.StandardServer.await StandardServer.await: create[localhost:8005]: 
 java.net.BindException: Address already in use: JVM_Bind
	at java.net.DualStackPlainSocketImpl.bind0(Native Method)
	at java.net.DualStackPlainSocketImpl.socketBind(DualStackPlainSocketImpl.java:106)
	at java.net.AbstractPlainSocketImpl.bind(AbstractPlainSocketImpl.java:387)
	at java.net.PlainSocketImpl.bind(PlainSocketImpl.java:190)
	at java.net.ServerSocket.bind(ServerSocket.java:375)
	at java.net.ServerSocket.<init>(ServerSocket.java:237)
	at org.apache.catalina.core.StandardServer.await(StandardServer.java:422)
	at org.apache.catalina.startup.Catalina.await(Catalina.java:770)
	at org.apache.catalina.startup.Catalina.start(Catalina.java:716)
	at sun.reflect.NativeMethodAccessorImpl.invoke0(Native Method)
	at sun.reflect.NativeMethodAccessorImpl.invoke(NativeMethodAccessorImpl.java:62)
	at sun.reflect.DelegatingMethodAccessorImpl.invoke(DelegatingMethodAccessorImpl.java:43)
	at java.lang.reflect.Method.invoke(Method.java:498)
	at org.apache.catalina.startup.Bootstrap.start(Bootstrap.java:350)
	at org.apache.catalina.startup.Bootstrap.main(Bootstrap.java:492)

28-Jun-2018 12:02:59.161 INFO [main] org.apache.coyote.AbstractProtocol.pause Pausing ProtocolHandler ["http-nio-8080"]
28-Jun-2018 12:02:59.161 INFO [main] org.apache.coyote.AbstractProtocol.pause Pausing ProtocolHandler ["ajp-nio-8009"]
28-Jun-2018 12:02:59.162 INFO [main] org.apache.catalina.core.StandardService.stopInternal Stopping service [Catalina]
28-Jun-2018 12:02:59.181 INFO [main] org.apache.coyote.AbstractProtocol.stop Stopping ProtocolHandler ["http-nio-8080"]
28-Jun-2018 12:02:59.181 INFO [main] org.apache.coyote.AbstractProtocol.destroy Destroying ProtocolHandler ["http-nio-8080"]
28-Jun-2018 12:02:59.182 INFO [main] org.apache.coyote.AbstractProtocol.stop Stopping ProtocolHandler ["ajp-nio-8009"]
28-Jun-2018 12:02:59.183 INFO [main] org.apache.coyote.AbstractProtocol.destroy Destroying ProtocolHandler ["ajp-nio-8009"]
28-Jun-2018 12:03:26.737 INFO [main] org.apache.catalina.startup.VersionLoggerListener.log Server version:        Apache Tomcat/9.0.10
28-Jun-2018 12:03:26.740 INFO [main] org.apache.catalina.startup.VersionLoggerListener.log Server built:          Jun 20 2018 17:32:21 UTC
28-Jun-2018 12:03:26.740 INFO [main] org.apache.catalina.startup.VersionLoggerListener.log Server number:         9.0.10.0
28-Jun-2018 12:03:26.740 INFO [main] org.apache.catalina.startup.VersionLoggerListener.log OS Name:               Windows 10
28-Jun-2018 12:03:26.740 INFO [main] org.apache.catalina.startup.VersionLoggerListener.log OS Version:            10.0
28-Jun-2018 12:03:26.740 INFO [main] org.apache.catalina.startup.VersionLoggerListener.log Architecture:          amd64
28-Jun-2018 12:03:26.740 INFO [main] org.apache.catalina.startup.VersionLoggerListener.log Java Home:             C:\Program Files\Java\jdk1.8.0_144\jre
28-Jun-2018 12:03:26.740 INFO [main] org.apache.catalina.startup.VersionLoggerListener.log JVM Version:           1.8.0_144-b01
28-Jun-2018 12:03:26.740 INFO [main] org.apache.catalina.startup.VersionLoggerListener.log JVM Vendor:            Oracle Corporation
28-Jun-2018 12:03:26.741 INFO [main] org.apache.catalina.startup.VersionLoggerListener.log CATALINA_BASE:         E:\SuimPark\Enterprise Java Beans\EJB\apache-tomcat-9.0.10
28-Jun-2018 12:03:26.741 INFO [main] org.apache.catalina.startup.VersionLoggerListener.log CATALINA_HOME:         E:\SuimPark\Enterprise Java Beans\EJB\apache-tomcat-9.0.10
28-Jun-2018 12:03:26.741 INFO [main] org.apache.catalina.startup.VersionLoggerListener.log Command line argument: -Djava.util.logging.config.file=E:\SuimPark\Enterprise Java Beans\EJB\apache-tomcat-9.0.10\conf\logging.properties
28-Jun-2018 12:03:26.741 INFO [main] org.apache.catalina.startup.VersionLoggerListener.log Command line argument: -Djava.util.logging.manager=org.apache.juli.ClassLoaderLogManager
28-Jun-2018 12:03:26.741 INFO [main] org.apache.catalina.startup.VersionLoggerListener.log Command line argument: -Djdk.tls.ephemeralDHKeySize=2048
28-Jun-2018 12:03:26.741 INFO [main] org.apache.catalina.startup.VersionLoggerListener.log Command line argument: -Djava.protocol.handler.pkgs=org.apache.catalina.webresources
28-Jun-2018 12:03:26.741 INFO [main] org.apache.catalina.startup.VersionLoggerListener.log Command line argument: -Dignore.endorsed.dirs=
28-Jun-2018 12:03:26.741 INFO [main] org.apache.catalina.startup.VersionLoggerListener.log Command line argument: -Dcatalina.base=E:\SuimPark\Enterprise Java Beans\EJB\apache-tomcat-9.0.10
28-Jun-2018 12:03:26.742 INFO [main] org.apache.catalina.startup.VersionLoggerListener.log Command line argument: -Dcatalina.home=E:\SuimPark\Enterprise Java Beans\EJB\apache-tomcat-9.0.10
28-Jun-2018 12:03:26.743 INFO [main] org.apache.catalina.startup.VersionLoggerListener.log Command line argument: -Djava.io.tmpdir=E:\SuimPark\Enterprise Java Beans\EJB\apache-tomcat-9.0.10\temp
28-Jun-2018 12:03:26.743 INFO [main] org.apache.catalina.core.AprLifecycleListener.lifecycleEvent The APR based Apache Tomcat Native library which allows optimal performance in production environments was not found on the java.library.path: [C:\Program Files\Java\jdk1.8.0_144\bin;C:\WINDOWS\Sun\Java\bin;C:\WINDOWS\system32;C:\WINDOWS;C:\Ruby\bin;C:\Program Files (x86)\Common Files\Oracle\Java\javapath;C:\ProgramData\Oracle\Java\javapath;C:\Program Files\Microsoft MPI\Bin\;C:\WINDOWS\system32;C:\WINDOWS;C:\WINDOWS\System32\Wbem;C:\WINDOWS\System32\WindowsPowerShell\v1.0\;C:\Program Files\PuTTY\;C:\Program Files\Microsoft SQL Server\130\Tools\Binn\;C:\Program Files\dotnet\;C:\Program Files (x86)\Microsoft SQL Server\130\Tools\Binn\;C:\Program Files (x86)\Microsoft SQL Server\130\DTS\Binn\;C:\Program Files\Microsoft SQL Server\130\DTS\Binn\;C:\Program Files\Microsoft SQL Server\Client SDK\ODBC\130\Tools\Binn\;C:\Program Files (x86)\Microsoft SQL Server\Client SDK\ODBC\130\Tools\Binn\;C:\Program Files (x86)\Microsoft SQL Server\130\Tools\Binn\ManagementStudio\;C:\Program Files (x86)\Microsoft SQL Server\110\DTS\Binn\;C:\Program Files (x86)\Microsoft SQL Server\120\DTS\Binn\;C:\xampp\php;C:\Program Files\MySQL\MySQL Utilities 1.6\;C:\Users\1796138\Composer;C:\Program Files\Java\jdk-10.0.1\bin\;;C:\WINDOWS\System32\OpenSSH\;C:\Ruby24-x64\bin;C:\Users\1796138\AppData\Local\Microsoft\WindowsApps;C:\Users\1796138\Composer;C:\Users\1796138\AppData\Roaming\Composer\vendor\bin;;.]
28-Jun-2018 12:03:26.857 INFO [main] org.apache.coyote.AbstractProtocol.init Initializing ProtocolHandler ["http-nio-8080"]
28-Jun-2018 12:03:26.939 INFO [main] org.apache.tomcat.util.net.NioSelectorPool.getSharedSelector Using a shared selector for servlet write/read
28-Jun-2018 12:03:26.944 INFO [main] org.apache.coyote.AbstractProtocol.init Initializing ProtocolHandler ["ajp-nio-8009"]
28-Jun-2018 12:03:26.947 INFO [main] org.apache.tomcat.util.net.NioSelectorPool.getSharedSelector Using a shared selector for servlet write/read
28-Jun-2018 12:03:26.947 INFO [main] org.apache.catalina.startup.Catalina.load Initialization processed in 531 ms
28-Jun-2018 12:03:26.969 INFO [main] org.apache.catalina.core.StandardService.startInternal Starting service [Catalina]
28-Jun-2018 12:03:26.969 INFO [main] org.apache.catalina.core.StandardEngine.startInternal Starting Servlet Engine: Apache Tomcat/9.0.10
28-Jun-2018 12:03:26.989 INFO [main] org.apache.catalina.startup.HostConfig.deployWAR Deploying web application archive [E:\SuimPark\Enterprise Java Beans\EJB\apache-tomcat-9.0.10\webapps\Export1.war]
28-Jun-2018 12:03:27.254 INFO [main] org.apache.jasper.servlet.TldScanner.scanJars At least one JAR was scanned for TLDs yet contained no TLDs. Enable debug logging for this logger for a complete list of JARs that were scanned but no TLDs were found in them. Skipping unneeded JARs during scanning can improve startup time and JSP compilation time.
28-Jun-2018 12:03:27.296 INFO [main] org.apache.catalina.startup.HostConfig.deployWAR Deployment of web application archive [E:\SuimPark\Enterprise Java Beans\EJB\apache-tomcat-9.0.10\webapps\Export1.war] has finished in [306] ms
28-Jun-2018 12:03:27.297 INFO [main] org.apache.catalina.startup.HostConfig.deployDirectory Deploying web application directory [E:\SuimPark\Enterprise Java Beans\EJB\apache-tomcat-9.0.10\webapps\docs]
28-Jun-2018 12:03:27.321 INFO [main] org.apache.catalina.startup.HostConfig.deployDirectory Deployment of web application directory [E:\SuimPark\Enterprise Java Beans\EJB\apache-tomcat-9.0.10\webapps\docs] has finished in [24] ms
28-Jun-2018 12:03:27.321 INFO [main] org.apache.catalina.startup.HostConfig.deployDirectory Deploying web application directory [E:\SuimPark\Enterprise Java Beans\EJB\apache-tomcat-9.0.10\webapps\examples]
28-Jun-2018 12:03:27.626 INFO [main] org.apache.catalina.startup.HostConfig.deployDirectory Deployment of web application directory [E:\SuimPark\Enterprise Java Beans\EJB\apache-tomcat-9.0.10\webapps\examples] has finished in [305] ms
28-Jun-2018 12:03:27.626 INFO [main] org.apache.catalina.startup.HostConfig.deployDirectory Deploying web application directory [E:\SuimPark\Enterprise Java Beans\EJB\apache-tomcat-9.0.10\webapps\host-manager]
28-Jun-2018 12:03:27.654 INFO [main] org.apache.catalina.startup.HostConfig.deployDirectory Deployment of web application directory [E:\SuimPark\Enterprise Java Beans\EJB\apache-tomcat-9.0.10\webapps\host-manager] has finished in [28] ms
28-Jun-2018 12:03:27.655 INFO [main] org.apache.catalina.startup.HostConfig.deployDirectory Deploying web application directory [E:\SuimPark\Enterprise Java Beans\EJB\apache-tomcat-9.0.10\webapps\manager]
28-Jun-2018 12:03:27.680 INFO [main] org.apache.catalina.startup.HostConfig.deployDirectory Deployment of web application directory [E:\SuimPark\Enterprise Java Beans\EJB\apache-tomcat-9.0.10\webapps\manager] has finished in [25] ms
28-Jun-2018 12:03:27.680 INFO [main] org.apache.catalina.startup.HostConfig.deployDirectory Deploying web application directory [E:\SuimPark\Enterprise Java Beans\EJB\apache-tomcat-9.0.10\webapps\ROOT]
28-Jun-2018 12:03:27.700 INFO [main] org.apache.catalina.startup.HostConfig.deployDirectory Deployment of web application directory [E:\SuimPark\Enterprise Java Beans\EJB\apache-tomcat-9.0.10\webapps\ROOT] has finished in [20] ms
28-Jun-2018 12:03:27.702 INFO [main] org.apache.coyote.AbstractProtocol.start Starting ProtocolHandler ["http-nio-8080"]
28-Jun-2018 12:03:27.711 INFO [main] org.apache.coyote.AbstractProtocol.start Starting ProtocolHandler ["ajp-nio-8009"]
28-Jun-2018 12:03:27.715 INFO [main] org.apache.catalina.startup.Catalina.start Server startup in 767 ms
28-Jun-2018 12:09:50.660 INFO [main] org.apache.catalina.startup.VersionLoggerListener.log Server version:        Apache Tomcat/9.0.10
28-Jun-2018 12:09:50.664 INFO [main] org.apache.catalina.startup.VersionLoggerListener.log Server built:          Jun 20 2018 17:32:21 UTC
28-Jun-2018 12:09:50.664 INFO [main] org.apache.catalina.startup.VersionLoggerListener.log Server number:         9.0.10.0
28-Jun-2018 12:09:50.664 INFO [main] org.apache.catalina.startup.VersionLoggerListener.log OS Name:               Windows 10
28-Jun-2018 12:09:50.664 INFO [main] org.apache.catalina.startup.VersionLoggerListener.log OS Version:            10.0
28-Jun-2018 12:09:50.664 INFO [main] org.apache.catalina.startup.VersionLoggerListener.log Architecture:          amd64
28-Jun-2018 12:09:50.665 INFO [main] org.apache.catalina.startup.VersionLoggerListener.log Java Home:             C:\Program Files\Java\jdk1.8.0_144\jre
28-Jun-2018 12:09:50.665 INFO [main] org.apache.catalina.startup.VersionLoggerListener.log JVM Version:           1.8.0_144-b01
28-Jun-2018 12:09:50.665 INFO [main] org.apache.catalina.startup.VersionLoggerListener.log JVM Vendor:            Oracle Corporation
28-Jun-2018 12:09:50.665 INFO [main] org.apache.catalina.startup.VersionLoggerListener.log CATALINA_BASE:         E:\SuimPark\Enterprise Java Beans\EJB\apache-tomcat-9.0.10
28-Jun-2018 12:09:50.666 INFO [main] org.apache.catalina.startup.VersionLoggerListener.log CATALINA_HOME:         E:\SuimPark\Enterprise Java Beans\EJB\apache-tomcat-9.0.10
28-Jun-2018 12:09:50.666 INFO [main] org.apache.catalina.startup.VersionLoggerListener.log Command line argument: -Djava.util.logging.config.file=E:\SuimPark\Enterprise Java Beans\EJB\apache-tomcat-9.0.10\conf\logging.properties
28-Jun-2018 12:09:50.666 INFO [main] org.apache.catalina.startup.VersionLoggerListener.log Command line argument: -Djava.util.logging.manager=org.apache.juli.ClassLoaderLogManager
28-Jun-2018 12:09:50.666 INFO [main] org.apache.catalina.startup.VersionLoggerListener.log Command line argument: -Djdk.tls.ephemeralDHKeySize=2048
28-Jun-2018 12:09:50.666 INFO [main] org.apache.catalina.startup.VersionLoggerListener.log Command line argument: -Djava.protocol.handler.pkgs=org.apache.catalina.webresources
28-Jun-2018 12:09:50.667 INFO [main] org.apache.catalina.startup.VersionLoggerListener.log Command line argument: -Dignore.endorsed.dirs=
28-Jun-2018 12:09:50.667 INFO [main] org.apache.catalina.startup.VersionLoggerListener.log Command line argument: -Dcatalina.base=E:\SuimPark\Enterprise Java Beans\EJB\apache-tomcat-9.0.10
28-Jun-2018 12:09:50.667 INFO [main] org.apache.catalina.startup.VersionLoggerListener.log Command line argument: -Dcatalina.home=E:\SuimPark\Enterprise Java Beans\EJB\apache-tomcat-9.0.10
28-Jun-2018 12:09:50.668 INFO [main] org.apache.catalina.startup.VersionLoggerListener.log Command line argument: -Djava.io.tmpdir=E:\SuimPark\Enterprise Java Beans\EJB\apache-tomcat-9.0.10\temp
28-Jun-2018 12:09:50.668 INFO [main] org.apache.catalina.core.AprLifecycleListener.lifecycleEvent The APR based Apache Tomcat Native library which allows optimal performance in production environments was not found on the java.library.path: [C:\Program Files\Java\jdk1.8.0_144\bin;C:\WINDOWS\Sun\Java\bin;C:\WINDOWS\system32;C:\WINDOWS;C:\Ruby\bin;C:\Program Files (x86)\Common Files\Oracle\Java\javapath;C:\ProgramData\Oracle\Java\javapath;C:\Program Files\Microsoft MPI\Bin\;C:\WINDOWS\system32;C:\WINDOWS;C:\WINDOWS\System32\Wbem;C:\WINDOWS\System32\WindowsPowerShell\v1.0\;C:\Program Files\PuTTY\;C:\Program Files\Microsoft SQL Server\130\Tools\Binn\;C:\Program Files\dotnet\;C:\Program Files (x86)\Microsoft SQL Server\130\Tools\Binn\;C:\Program Files (x86)\Microsoft SQL Server\130\DTS\Binn\;C:\Program Files\Microsoft SQL Server\130\DTS\Binn\;C:\Program Files\Microsoft SQL Server\Client SDK\ODBC\130\Tools\Binn\;C:\Program Files (x86)\Microsoft SQL Server\Client SDK\ODBC\130\Tools\Binn\;C:\Program Files (x86)\Microsoft SQL Server\130\Tools\Binn\ManagementStudio\;C:\Program Files (x86)\Microsoft SQL Server\110\DTS\Binn\;C:\Program Files (x86)\Microsoft SQL Server\120\DTS\Binn\;C:\xampp\php;C:\Program Files\MySQL\MySQL Utilities 1.6\;C:\Users\1796138\Composer;C:\Program Files\Java\jdk-10.0.1\bin\;;C:\WINDOWS\System32\OpenSSH\;C:\Ruby24-x64\bin;C:\Users\1796138\AppData\Local\Microsoft\WindowsApps;C:\Users\1796138\Composer;C:\Users\1796138\AppData\Roaming\Composer\vendor\bin;;.]
28-Jun-2018 12:09:50.786 INFO [main] org.apache.coyote.AbstractProtocol.init Initializing ProtocolHandler ["http-nio-8080"]
28-Jun-2018 12:09:50.797 SEVERE [main] org.apache.catalina.util.LifecycleBase.handleSubClassException Failed to initialize component [Connector[HTTP/1.1-8080]]
 org.apache.catalina.LifecycleException: Protocol handler initialization failed
	at org.apache.catalina.connector.Connector.initInternal(Connector.java:935)
	at org.apache.catalina.util.LifecycleBase.init(LifecycleBase.java:136)
	at org.apache.catalina.core.StandardService.initInternal(StandardService.java:530)
	at org.apache.catalina.util.LifecycleBase.init(LifecycleBase.java:136)
	at org.apache.catalina.core.StandardServer.initInternal(StandardServer.java:852)
	at org.apache.catalina.util.LifecycleBase.init(LifecycleBase.java:136)
	at org.apache.catalina.startup.Catalina.load(Catalina.java:633)
	at org.apache.catalina.startup.Catalina.load(Catalina.java:656)
	at sun.reflect.NativeMethodAccessorImpl.invoke0(Native Method)
	at sun.reflect.NativeMethodAccessorImpl.invoke(NativeMethodAccessorImpl.java:62)
	at sun.reflect.DelegatingMethodAccessorImpl.invoke(DelegatingMethodAccessorImpl.java:43)
	at java.lang.reflect.Method.invoke(Method.java:498)
	at org.apache.catalina.startup.Bootstrap.load(Bootstrap.java:306)
	at org.apache.catalina.startup.Bootstrap.main(Bootstrap.java:491)
Caused by: java.net.BindException: Address already in use: bind
	at sun.nio.ch.Net.bind0(Native Method)
	at sun.nio.ch.Net.bind(Net.java:433)
	at sun.nio.ch.Net.bind(Net.java:425)
	at sun.nio.ch.ServerSocketChannelImpl.bind(ServerSocketChannelImpl.java:223)
	at sun.nio.ch.ServerSocketAdaptor.bind(ServerSocketAdaptor.java:74)
	at org.apache.tomcat.util.net.NioEndpoint.initServerSocket(NioEndpoint.java:227)
	at org.apache.tomcat.util.net.NioEndpoint.bind(NioEndpoint.java:202)
	at org.apache.tomcat.util.net.AbstractEndpoint.init(AbstractEndpoint.java:1043)
	at org.apache.coyote.AbstractProtocol.init(AbstractProtocol.java:540)
	at org.apache.coyote.http11.AbstractHttp11Protocol.init(AbstractHttp11Protocol.java:74)
	at org.apache.catalina.connector.Connector.initInternal(Connector.java:932)
	... 13 more

28-Jun-2018 12:09:50.799 INFO [main] org.apache.coyote.AbstractProtocol.init Initializing ProtocolHandler ["ajp-nio-8009"]
28-Jun-2018 12:09:50.800 SEVERE [main] org.apache.catalina.util.LifecycleBase.handleSubClassException Failed to initialize component [Connector[AJP/1.3-8009]]
 org.apache.catalina.LifecycleException: Protocol handler initialization failed
	at org.apache.catalina.connector.Connector.initInternal(Connector.java:935)
	at org.apache.catalina.util.LifecycleBase.init(LifecycleBase.java:136)
	at org.apache.catalina.core.StandardService.initInternal(StandardService.java:530)
	at org.apache.catalina.util.LifecycleBase.init(LifecycleBase.java:136)
	at org.apache.catalina.core.StandardServer.initInternal(StandardServer.java:852)
	at org.apache.catalina.util.LifecycleBase.init(LifecycleBase.java:136)
	at org.apache.catalina.startup.Catalina.load(Catalina.java:633)
	at org.apache.catalina.startup.Catalina.load(Catalina.java:656)
	at sun.reflect.NativeMethodAccessorImpl.invoke0(Native Method)
	at sun.reflect.NativeMethodAccessorImpl.invoke(NativeMethodAccessorImpl.java:62)
	at sun.reflect.DelegatingMethodAccessorImpl.invoke(DelegatingMethodAccessorImpl.java:43)
	at java.lang.reflect.Method.invoke(Method.java:498)
	at org.apache.catalina.startup.Bootstrap.load(Bootstrap.java:306)
	at org.apache.catalina.startup.Bootstrap.main(Bootstrap.java:491)
Caused by: java.net.BindException: Address already in use: bind
	at sun.nio.ch.Net.bind0(Native Method)
	at sun.nio.ch.Net.bind(Net.java:433)
	at sun.nio.ch.Net.bind(Net.java:425)
	at sun.nio.ch.ServerSocketChannelImpl.bind(ServerSocketChannelImpl.java:223)
	at sun.nio.ch.ServerSocketAdaptor.bind(ServerSocketAdaptor.java:74)
	at org.apache.tomcat.util.net.NioEndpoint.initServerSocket(NioEndpoint.java:227)
	at org.apache.tomcat.util.net.NioEndpoint.bind(NioEndpoint.java:202)
	at org.apache.tomcat.util.net.AbstractEndpoint.init(AbstractEndpoint.java:1043)
	at org.apache.coyote.AbstractProtocol.init(AbstractProtocol.java:540)
	at org.apache.catalina.connector.Connector.initInternal(Connector.java:932)
	... 13 more

28-Jun-2018 12:09:50.801 INFO [main] org.apache.catalina.startup.Catalina.load Initialization processed in 449 ms
28-Jun-2018 12:09:50.831 INFO [main] org.apache.catalina.core.StandardService.startInternal Starting service [Catalina]
28-Jun-2018 12:09:50.831 INFO [main] org.apache.catalina.core.StandardEngine.startInternal Starting Servlet Engine: Apache Tomcat/9.0.10
28-Jun-2018 12:09:50.852 INFO [main] org.apache.catalina.startup.HostConfig.deployWAR Deploying web application archive [E:\SuimPark\Enterprise Java Beans\EJB\apache-tomcat-9.0.10\webapps\Export1.war]
28-Jun-2018 12:09:51.122 INFO [main] org.apache.jasper.servlet.TldScanner.scanJars At least one JAR was scanned for TLDs yet contained no TLDs. Enable debug logging for this logger for a complete list of JARs that were scanned but no TLDs were found in them. Skipping unneeded JARs during scanning can improve startup time and JSP compilation time.
28-Jun-2018 12:09:51.224 INFO [main] org.apache.catalina.startup.HostConfig.deployWAR Deployment of web application archive [E:\SuimPark\Enterprise Java Beans\EJB\apache-tomcat-9.0.10\webapps\Export1.war] has finished in [372] ms
28-Jun-2018 12:09:51.225 INFO [main] org.apache.catalina.startup.HostConfig.deployDirectory Deploying web application directory [E:\SuimPark\Enterprise Java Beans\EJB\apache-tomcat-9.0.10\webapps\docs]
28-Jun-2018 12:09:51.249 INFO [main] org.apache.catalina.startup.HostConfig.deployDirectory Deployment of web application directory [E:\SuimPark\Enterprise Java Beans\EJB\apache-tomcat-9.0.10\webapps\docs] has finished in [24] ms
28-Jun-2018 12:09:51.249 INFO [main] org.apache.catalina.startup.HostConfig.deployDirectory Deploying web application directory [E:\SuimPark\Enterprise Java Beans\EJB\apache-tomcat-9.0.10\webapps\examples]
28-Jun-2018 12:09:51.548 INFO [main] org.apache.catalina.startup.HostConfig.deployDirectory Deployment of web application directory [E:\SuimPark\Enterprise Java Beans\EJB\apache-tomcat-9.0.10\webapps\examples] has finished in [299] ms
28-Jun-2018 12:09:51.548 INFO [main] org.apache.catalina.startup.HostConfig.deployDirectory Deploying web application directory [E:\SuimPark\Enterprise Java Beans\EJB\apache-tomcat-9.0.10\webapps\host-manager]
28-Jun-2018 12:09:51.577 INFO [main] org.apache.catalina.startup.HostConfig.deployDirectory Deployment of web application directory [E:\SuimPark\Enterprise Java Beans\EJB\apache-tomcat-9.0.10\webapps\host-manager] has finished in [29] ms
28-Jun-2018 12:09:51.577 INFO [main] org.apache.catalina.startup.HostConfig.deployDirectory Deploying web application directory [E:\SuimPark\Enterprise Java Beans\EJB\apache-tomcat-9.0.10\webapps\manager]
28-Jun-2018 12:09:51.602 INFO [main] org.apache.catalina.startup.HostConfig.deployDirectory Deployment of web application directory [E:\SuimPark\Enterprise Java Beans\EJB\apache-tomcat-9.0.10\webapps\manager] has finished in [24] ms
28-Jun-2018 12:09:51.602 INFO [main] org.apache.catalina.startup.HostConfig.deployDirectory Deploying web application directory [E:\SuimPark\Enterprise Java Beans\EJB\apache-tomcat-9.0.10\webapps\ROOT]
28-Jun-2018 12:09:51.621 INFO [main] org.apache.catalina.startup.HostConfig.deployDirectory Deployment of web application directory [E:\SuimPark\Enterprise Java Beans\EJB\apache-tomcat-9.0.10\webapps\ROOT] has finished in [19] ms
28-Jun-2018 12:09:51.623 INFO [main] org.apache.catalina.startup.Catalina.start Server startup in 821 ms
28-Jun-2018 12:09:51.627 SEVERE [main] org.apache.catalina.core.StandardServer.await StandardServer.await: create[localhost:8005]: 
 java.net.BindException: Address already in use: JVM_Bind
	at java.net.DualStackPlainSocketImpl.bind0(Native Method)
	at java.net.DualStackPlainSocketImpl.socketBind(DualStackPlainSocketImpl.java:106)
	at java.net.AbstractPlainSocketImpl.bind(AbstractPlainSocketImpl.java:387)
	at java.net.PlainSocketImpl.bind(PlainSocketImpl.java:190)
	at java.net.ServerSocket.bind(ServerSocket.java:375)
	at java.net.ServerSocket.<init>(ServerSocket.java:237)
	at org.apache.catalina.core.StandardServer.await(StandardServer.java:422)
	at org.apache.catalina.startup.Catalina.await(Catalina.java:770)
	at org.apache.catalina.startup.Catalina.start(Catalina.java:716)
	at sun.reflect.NativeMethodAccessorImpl.invoke0(Native Method)
	at sun.reflect.NativeMethodAccessorImpl.invoke(NativeMethodAccessorImpl.java:62)
	at sun.reflect.DelegatingMethodAccessorImpl.invoke(DelegatingMethodAccessorImpl.java:43)
	at java.lang.reflect.Method.invoke(Method.java:498)
	at org.apache.catalina.startup.Bootstrap.start(Bootstrap.java:350)
	at org.apache.catalina.startup.Bootstrap.main(Bootstrap.java:492)

28-Jun-2018 12:09:51.628 INFO [main] org.apache.coyote.AbstractProtocol.pause Pausing ProtocolHandler ["http-nio-8080"]
28-Jun-2018 12:09:51.628 INFO [main] org.apache.coyote.AbstractProtocol.pause Pausing ProtocolHandler ["ajp-nio-8009"]
28-Jun-2018 12:09:51.628 INFO [main] org.apache.catalina.core.StandardService.stopInternal Stopping service [Catalina]
28-Jun-2018 12:09:51.647 INFO [main] org.apache.coyote.AbstractProtocol.stop Stopping ProtocolHandler ["http-nio-8080"]
28-Jun-2018 12:09:51.648 INFO [main] org.apache.coyote.AbstractProtocol.destroy Destroying ProtocolHandler ["http-nio-8080"]
28-Jun-2018 12:09:51.649 INFO [main] org.apache.coyote.AbstractProtocol.stop Stopping ProtocolHandler ["ajp-nio-8009"]
28-Jun-2018 12:09:51.649 INFO [main] org.apache.coyote.AbstractProtocol.destroy Destroying ProtocolHandler ["ajp-nio-8009"]
28-Jun-2018 12:23:49.160 INFO [Thread-5] org.apache.coyote.AbstractProtocol.pause Pausing ProtocolHandler ["http-nio-8080"]
28-Jun-2018 12:23:49.284 INFO [Thread-5] org.apache.coyote.AbstractProtocol.pause Pausing ProtocolHandler ["ajp-nio-8009"]
28-Jun-2018 12:23:49.402 INFO [Thread-5] org.apache.catalina.core.StandardService.stopInternal Stopping service [Catalina]
28-Jun-2018 12:23:49.450 INFO [Thread-5] org.apache.coyote.AbstractProtocol.stop Stopping ProtocolHandler ["http-nio-8080"]
28-Jun-2018 12:23:49.455 INFO [Thread-5] org.apache.coyote.AbstractProtocol.stop Stopping ProtocolHandler ["ajp-nio-8009"]
28-Jun-2018 12:23:49.456 INFO [Thread-5] org.apache.coyote.AbstractProtocol.destroy Destroying ProtocolHandler ["http-nio-8080"]
28-Jun-2018 12:23:49.457 INFO [Thread-5] org.apache.coyote.AbstractProtocol.destroy Destroying ProtocolHandler ["ajp-nio-8009"]
