06-Jul-2018 09:31:20.970 INFO [main] org.apache.catalina.startup.VersionLoggerListener.log Server version:        Apache Tomcat/9.0.10
06-Jul-2018 09:31:20.973 INFO [main] org.apache.catalina.startup.VersionLoggerListener.log Server built:          Jun 20 2018 17:32:21 UTC
06-Jul-2018 09:31:20.973 INFO [main] org.apache.catalina.startup.VersionLoggerListener.log Server number:         9.0.10.0
06-Jul-2018 09:31:20.973 INFO [main] org.apache.catalina.startup.VersionLoggerListener.log OS Name:               Windows 10
06-Jul-2018 09:31:20.974 INFO [main] org.apache.catalina.startup.VersionLoggerListener.log OS Version:            10.0
06-Jul-2018 09:31:20.974 INFO [main] org.apache.catalina.startup.VersionLoggerListener.log Architecture:          amd64
06-Jul-2018 09:31:20.974 INFO [main] org.apache.catalina.startup.VersionLoggerListener.log Java Home:             C:\Program Files\Java\jdk1.8.0_144\jre
06-Jul-2018 09:31:20.974 INFO [main] org.apache.catalina.startup.VersionLoggerListener.log JVM Version:           1.8.0_144-b01
06-Jul-2018 09:31:20.974 INFO [main] org.apache.catalina.startup.VersionLoggerListener.log JVM Vendor:            Oracle Corporation
06-Jul-2018 09:31:20.974 INFO [main] org.apache.catalina.startup.VersionLoggerListener.log CATALINA_BASE:         E:\SuimPark\Enterprise Java Beans\EJB\apache-tomcat-9.0.10
06-Jul-2018 09:31:20.974 INFO [main] org.apache.catalina.startup.VersionLoggerListener.log CATALINA_HOME:         E:\SuimPark\Enterprise Java Beans\EJB\apache-tomcat-9.0.10
06-Jul-2018 09:31:20.974 INFO [main] org.apache.catalina.startup.VersionLoggerListener.log Command line argument: -Djava.util.logging.config.file=E:\SuimPark\Enterprise Java Beans\EJB\apache-tomcat-9.0.10\conf\logging.properties
06-Jul-2018 09:31:20.975 INFO [main] org.apache.catalina.startup.VersionLoggerListener.log Command line argument: -Djava.util.logging.manager=org.apache.juli.ClassLoaderLogManager
06-Jul-2018 09:31:20.976 INFO [main] org.apache.catalina.startup.VersionLoggerListener.log Command line argument: -Djdk.tls.ephemeralDHKeySize=2048
06-Jul-2018 09:31:20.977 INFO [main] org.apache.catalina.startup.VersionLoggerListener.log Command line argument: -Djava.protocol.handler.pkgs=org.apache.catalina.webresources
06-Jul-2018 09:31:20.977 INFO [main] org.apache.catalina.startup.VersionLoggerListener.log Command line argument: -Dignore.endorsed.dirs=
06-Jul-2018 09:31:20.977 INFO [main] org.apache.catalina.startup.VersionLoggerListener.log Command line argument: -Dcatalina.base=E:\SuimPark\Enterprise Java Beans\EJB\apache-tomcat-9.0.10
06-Jul-2018 09:31:20.977 INFO [main] org.apache.catalina.startup.VersionLoggerListener.log Command line argument: -Dcatalina.home=E:\SuimPark\Enterprise Java Beans\EJB\apache-tomcat-9.0.10
06-Jul-2018 09:31:20.977 INFO [main] org.apache.catalina.startup.VersionLoggerListener.log Command line argument: -Djava.io.tmpdir=E:\SuimPark\Enterprise Java Beans\EJB\apache-tomcat-9.0.10\temp
06-Jul-2018 09:31:20.978 INFO [main] org.apache.catalina.core.AprLifecycleListener.lifecycleEvent The APR based Apache Tomcat Native library which allows optimal performance in production environments was not found on the java.library.path: [C:\Program Files\Java\jdk1.8.0_144\bin;C:\WINDOWS\Sun\Java\bin;C:\WINDOWS\system32;C:\WINDOWS;C:\Ruby\bin;C:\Program Files (x86)\Common Files\Oracle\Java\javapath;C:\ProgramData\Oracle\Java\javapath;C:\Program Files\Microsoft MPI\Bin\;C:\WINDOWS\system32;C:\WINDOWS;C:\WINDOWS\System32\Wbem;C:\WINDOWS\System32\WindowsPowerShell\v1.0\;C:\Program Files\PuTTY\;C:\Program Files\Microsoft SQL Server\130\Tools\Binn\;C:\Program Files\dotnet\;C:\Program Files (x86)\Microsoft SQL Server\130\Tools\Binn\;C:\Program Files (x86)\Microsoft SQL Server\130\DTS\Binn\;C:\Program Files\Microsoft SQL Server\130\DTS\Binn\;C:\Program Files\Microsoft SQL Server\Client SDK\ODBC\130\Tools\Binn\;C:\Program Files (x86)\Microsoft SQL Server\Client SDK\ODBC\130\Tools\Binn\;C:\Program Files (x86)\Microsoft SQL Server\130\Tools\Binn\ManagementStudio\;C:\Program Files (x86)\Microsoft SQL Server\110\DTS\Binn\;C:\Program Files (x86)\Microsoft SQL Server\120\DTS\Binn\;C:\xampp\php;C:\Program Files\MySQL\MySQL Utilities 1.6\;C:\Users\1796138\Composer;C:\Program Files\Java\jdk-10.0.1\bin\;;C:\WINDOWS\System32\OpenSSH\;C:\Ruby24-x64\bin;C:\Users\1796138\AppData\Local\Microsoft\WindowsApps;C:\Users\1796138\Composer;C:\Users\1796138\AppData\Roaming\Composer\vendor\bin;;.]
06-Jul-2018 09:31:21.105 INFO [main] org.apache.coyote.AbstractProtocol.init Initializing ProtocolHandler ["http-nio-8080"]
06-Jul-2018 09:31:21.196 INFO [main] org.apache.tomcat.util.net.NioSelectorPool.getSharedSelector Using a shared selector for servlet write/read
06-Jul-2018 09:31:21.201 INFO [main] org.apache.coyote.AbstractProtocol.init Initializing ProtocolHandler ["ajp-nio-8009"]
06-Jul-2018 09:31:21.204 INFO [main] org.apache.tomcat.util.net.NioSelectorPool.getSharedSelector Using a shared selector for servlet write/read
06-Jul-2018 09:31:21.204 INFO [main] org.apache.catalina.startup.Catalina.load Initialization processed in 551 ms
06-Jul-2018 09:31:21.226 INFO [main] org.apache.catalina.core.StandardService.startInternal Starting service [Catalina]
06-Jul-2018 09:31:21.226 INFO [main] org.apache.catalina.core.StandardEngine.startInternal Starting Servlet Engine: Apache Tomcat/9.0.10
06-Jul-2018 09:31:21.246 INFO [main] org.apache.catalina.startup.HostConfig.deployWAR Deploying web application archive [E:\SuimPark\Enterprise Java Beans\EJB\apache-tomcat-9.0.10\webapps\1796138.war]
06-Jul-2018 09:31:21.271 INFO [main] org.apache.catalina.startup.ExpandWar.expand An expanded directory [E:\SuimPark\Enterprise Java Beans\EJB\apache-tomcat-9.0.10\webapps\1796138] was found with a last modified time that did not match the associated WAR. It will be deleted.
06-Jul-2018 09:31:21.951 INFO [main] org.apache.jasper.servlet.TldScanner.scanJars At least one JAR was scanned for TLDs yet contained no TLDs. Enable debug logging for this logger for a complete list of JARs that were scanned but no TLDs were found in them. Skipping unneeded JARs during scanning can improve startup time and JSP compilation time.
06-Jul-2018 09:31:21.996 INFO [main] org.apache.catalina.startup.HostConfig.deployWAR Deployment of web application archive [E:\SuimPark\Enterprise Java Beans\EJB\apache-tomcat-9.0.10\webapps\1796138.war] has finished in [750] ms
06-Jul-2018 09:31:21.997 INFO [main] org.apache.catalina.startup.HostConfig.deployDirectory Deploying web application directory [E:\SuimPark\Enterprise Java Beans\EJB\apache-tomcat-9.0.10\webapps\docs]
06-Jul-2018 09:31:22.026 INFO [main] org.apache.catalina.startup.HostConfig.deployDirectory Deployment of web application directory [E:\SuimPark\Enterprise Java Beans\EJB\apache-tomcat-9.0.10\webapps\docs] has finished in [29] ms
06-Jul-2018 09:31:22.027 INFO [main] org.apache.catalina.startup.HostConfig.deployDirectory Deploying web application directory [E:\SuimPark\Enterprise Java Beans\EJB\apache-tomcat-9.0.10\webapps\examples]
06-Jul-2018 09:31:22.503 INFO [main] org.apache.catalina.startup.HostConfig.deployDirectory Deployment of web application directory [E:\SuimPark\Enterprise Java Beans\EJB\apache-tomcat-9.0.10\webapps\examples] has finished in [476] ms
06-Jul-2018 09:31:22.503 INFO [main] org.apache.catalina.startup.HostConfig.deployDirectory Deploying web application directory [E:\SuimPark\Enterprise Java Beans\EJB\apache-tomcat-9.0.10\webapps\host-manager]
06-Jul-2018 09:31:22.543 INFO [main] org.apache.catalina.startup.HostConfig.deployDirectory Deployment of web application directory [E:\SuimPark\Enterprise Java Beans\EJB\apache-tomcat-9.0.10\webapps\host-manager] has finished in [40] ms
06-Jul-2018 09:31:22.543 INFO [main] org.apache.catalina.startup.HostConfig.deployDirectory Deploying web application directory [E:\SuimPark\Enterprise Java Beans\EJB\apache-tomcat-9.0.10\webapps\manager]
06-Jul-2018 09:31:22.573 INFO [main] org.apache.catalina.startup.HostConfig.deployDirectory Deployment of web application directory [E:\SuimPark\Enterprise Java Beans\EJB\apache-tomcat-9.0.10\webapps\manager] has finished in [30] ms
06-Jul-2018 09:31:22.573 INFO [main] org.apache.catalina.startup.HostConfig.deployDirectory Deploying web application directory [E:\SuimPark\Enterprise Java Beans\EJB\apache-tomcat-9.0.10\webapps\ROOT]
06-Jul-2018 09:31:22.595 INFO [main] org.apache.catalina.startup.HostConfig.deployDirectory Deployment of web application directory [E:\SuimPark\Enterprise Java Beans\EJB\apache-tomcat-9.0.10\webapps\ROOT] has finished in [22] ms
06-Jul-2018 09:31:22.597 INFO [main] org.apache.coyote.AbstractProtocol.start Starting ProtocolHandler ["http-nio-8080"]
06-Jul-2018 09:31:22.607 INFO [main] org.apache.coyote.AbstractProtocol.start Starting ProtocolHandler ["ajp-nio-8009"]
06-Jul-2018 09:31:22.623 INFO [main] org.apache.catalina.startup.Catalina.start Server startup in 1418 ms
06-Jul-2018 09:31:39.899 INFO [Thread-5] org.apache.coyote.AbstractProtocol.pause Pausing ProtocolHandler ["http-nio-8080"]
06-Jul-2018 09:31:40.026 INFO [Thread-5] org.apache.coyote.AbstractProtocol.pause Pausing ProtocolHandler ["ajp-nio-8009"]
06-Jul-2018 09:31:40.147 INFO [Thread-5] org.apache.catalina.core.StandardService.stopInternal Stopping service [Catalina]
06-Jul-2018 09:31:40.187 WARNING [Thread-5] org.apache.catalina.loader.WebappClassLoaderBase.clearReferencesJdbc The web application [1796138] registered the JDBC driver [com.mysql.cj.jdbc.Driver] but failed to unregister it when the web application was stopped. To prevent a memory leak, the JDBC Driver has been forcibly unregistered.
06-Jul-2018 09:31:40.188 WARNING [Thread-5] org.apache.catalina.loader.WebappClassLoaderBase.clearReferencesThreads The web application [1796138] appears to have started a thread named [Abandoned connection cleanup thread] but has failed to stop it. This is very likely to create a memory leak. Stack trace of thread:
 java.lang.Object.wait(Native Method)
 java.lang.ref.ReferenceQueue.remove(ReferenceQueue.java:143)
 com.mysql.cj.jdbc.AbandonedConnectionCleanupThread.run(AbandonedConnectionCleanupThread.java:70)
 java.util.concurrent.ThreadPoolExecutor.runWorker(ThreadPoolExecutor.java:1149)
 java.util.concurrent.ThreadPoolExecutor$Worker.run(ThreadPoolExecutor.java:624)
 java.lang.Thread.run(Thread.java:748)
06-Jul-2018 09:31:40.194 INFO [Thread-5] org.apache.coyote.AbstractProtocol.stop Stopping ProtocolHandler ["http-nio-8080"]
06-Jul-2018 09:31:40.197 INFO [Thread-5] org.apache.coyote.AbstractProtocol.stop Stopping ProtocolHandler ["ajp-nio-8009"]
06-Jul-2018 09:31:40.200 INFO [Thread-5] org.apache.coyote.AbstractProtocol.destroy Destroying ProtocolHandler ["http-nio-8080"]
06-Jul-2018 09:31:40.201 INFO [Thread-5] org.apache.coyote.AbstractProtocol.destroy Destroying ProtocolHandler ["ajp-nio-8009"]
06-Jul-2018 17:21:16.358 INFO [main] org.apache.catalina.startup.VersionLoggerListener.log Server version:        Apache Tomcat/9.0.10
06-Jul-2018 17:21:16.364 INFO [main] org.apache.catalina.startup.VersionLoggerListener.log Server built:          Jun 20 2018 17:32:21 UTC
06-Jul-2018 17:21:16.364 INFO [main] org.apache.catalina.startup.VersionLoggerListener.log Server number:         9.0.10.0
06-Jul-2018 17:21:16.364 INFO [main] org.apache.catalina.startup.VersionLoggerListener.log OS Name:               Windows 10
06-Jul-2018 17:21:16.364 INFO [main] org.apache.catalina.startup.VersionLoggerListener.log OS Version:            10.0
06-Jul-2018 17:21:16.364 INFO [main] org.apache.catalina.startup.VersionLoggerListener.log Architecture:          x86
06-Jul-2018 17:21:16.364 INFO [main] org.apache.catalina.startup.VersionLoggerListener.log Java Home:             C:\Program Files (x86)\Java\jdk1.8.0_172\jre
06-Jul-2018 17:21:16.365 INFO [main] org.apache.catalina.startup.VersionLoggerListener.log JVM Version:           1.8.0_172-b11
06-Jul-2018 17:21:16.365 INFO [main] org.apache.catalina.startup.VersionLoggerListener.log JVM Vendor:            Oracle Corporation
06-Jul-2018 17:21:16.365 INFO [main] org.apache.catalina.startup.VersionLoggerListener.log CATALINA_BASE:         C:\Users\suimi\JAC\EJB\apache-tomcat-9.0.10
06-Jul-2018 17:21:16.365 INFO [main] org.apache.catalina.startup.VersionLoggerListener.log CATALINA_HOME:         C:\Users\suimi\JAC\EJB\apache-tomcat-9.0.10
06-Jul-2018 17:21:16.365 INFO [main] org.apache.catalina.startup.VersionLoggerListener.log Command line argument: -Djava.util.logging.config.file=C:\Users\suimi\JAC\EJB\apache-tomcat-9.0.10\conf\logging.properties
06-Jul-2018 17:21:16.365 INFO [main] org.apache.catalina.startup.VersionLoggerListener.log Command line argument: -Djava.util.logging.manager=org.apache.juli.ClassLoaderLogManager
06-Jul-2018 17:21:16.365 INFO [main] org.apache.catalina.startup.VersionLoggerListener.log Command line argument: -Djdk.tls.ephemeralDHKeySize=2048
06-Jul-2018 17:21:16.366 INFO [main] org.apache.catalina.startup.VersionLoggerListener.log Command line argument: -Djava.protocol.handler.pkgs=org.apache.catalina.webresources
06-Jul-2018 17:21:16.366 INFO [main] org.apache.catalina.startup.VersionLoggerListener.log Command line argument: -Dignore.endorsed.dirs=
06-Jul-2018 17:21:16.366 INFO [main] org.apache.catalina.startup.VersionLoggerListener.log Command line argument: -Dcatalina.base=C:\Users\suimi\JAC\EJB\apache-tomcat-9.0.10
06-Jul-2018 17:21:16.367 INFO [main] org.apache.catalina.startup.VersionLoggerListener.log Command line argument: -Dcatalina.home=C:\Users\suimi\JAC\EJB\apache-tomcat-9.0.10
06-Jul-2018 17:21:16.367 INFO [main] org.apache.catalina.startup.VersionLoggerListener.log Command line argument: -Djava.io.tmpdir=C:\Users\suimi\JAC\EJB\apache-tomcat-9.0.10\temp
06-Jul-2018 17:21:16.368 INFO [main] org.apache.catalina.core.AprLifecycleListener.lifecycleEvent The APR based Apache Tomcat Native library which allows optimal performance in production environments was not found on the java.library.path: [C:\Program Files (x86)\Java\jdk1.8.0_172\bin;C:\WINDOWS\Sun\Java\bin;C:\WINDOWS\system32;C:\WINDOWS;C:\Program Files (x86)\Common Files\Oracle\Java\javapath;C:\Program Files (x86)\Intel\iCLS Client\;C:\Program Files\Intel\iCLS Client\;C:\WINDOWS\system32;C:\WINDOWS;C:\WINDOWS\System32\Wbem;C:\WINDOWS\System32\WindowsPowerShell\v1.0\;C:\Program Files (x86)\Intel\Intel(R) Management Engine Components\DAL;C:\Program Files\Intel\Intel(R) Management Engine Components\DAL;C:\Program Files (x86)\Intel\Intel(R) Management Engine Components\IPT;C:\Program Files\Intel\Intel(R) Management Engine Components\IPT;C:\Program Files\Git\cmd;C:\Program Files\dotnet\;C:\Program Files\Microsoft SQL Server\130\Tools\Binn\;C:\Users\suimi\AppData\Local\Microsoft\WindowsApps;;C:\Program Files\Microsoft VS Code\bin;.]
06-Jul-2018 17:21:16.625 INFO [main] org.apache.coyote.AbstractProtocol.init Initializing ProtocolHandler ["http-nio-8080"]
06-Jul-2018 17:21:16.709 INFO [main] org.apache.tomcat.util.net.NioSelectorPool.getSharedSelector Using a shared selector for servlet write/read
06-Jul-2018 17:21:16.718 INFO [main] org.apache.coyote.AbstractProtocol.init Initializing ProtocolHandler ["ajp-nio-8009"]
06-Jul-2018 17:21:16.721 INFO [main] org.apache.tomcat.util.net.NioSelectorPool.getSharedSelector Using a shared selector for servlet write/read
06-Jul-2018 17:21:16.721 INFO [main] org.apache.catalina.startup.Catalina.load Initialization processed in 870 ms
06-Jul-2018 17:21:16.748 INFO [main] org.apache.catalina.core.StandardService.startInternal Starting service [Catalina]
06-Jul-2018 17:21:16.749 INFO [main] org.apache.catalina.core.StandardEngine.startInternal Starting Servlet Engine: Apache Tomcat/9.0.10
06-Jul-2018 17:21:16.778 INFO [main] org.apache.catalina.startup.HostConfig.deployWAR Deploying web application archive [C:\Users\suimi\JAC\EJB\apache-tomcat-9.0.10\webapps\1796138.war]
06-Jul-2018 17:21:16.809 INFO [main] org.apache.catalina.startup.ExpandWar.expand An expanded directory [C:\Users\suimi\JAC\EJB\apache-tomcat-9.0.10\webapps\1796138] was found with a last modified time that did not match the associated WAR. It will be deleted.
06-Jul-2018 17:21:17.968 INFO [main] org.apache.jasper.servlet.TldScanner.scanJars At least one JAR was scanned for TLDs yet contained no TLDs. Enable debug logging for this logger for a complete list of JARs that were scanned but no TLDs were found in them. Skipping unneeded JARs during scanning can improve startup time and JSP compilation time.
06-Jul-2018 17:21:18.125 INFO [main] org.apache.catalina.startup.HostConfig.deployWAR Deployment of web application archive [C:\Users\suimi\JAC\EJB\apache-tomcat-9.0.10\webapps\1796138.war] has finished in [1,344] ms
06-Jul-2018 17:21:18.127 INFO [main] org.apache.catalina.startup.HostConfig.deployDirectory Deploying web application directory [C:\Users\suimi\JAC\EJB\apache-tomcat-9.0.10\webapps\docs]
06-Jul-2018 17:21:18.171 INFO [main] org.apache.catalina.startup.HostConfig.deployDirectory Deployment of web application directory [C:\Users\suimi\JAC\EJB\apache-tomcat-9.0.10\webapps\docs] has finished in [43] ms
06-Jul-2018 17:21:18.171 INFO [main] org.apache.catalina.startup.HostConfig.deployDirectory Deploying web application directory [C:\Users\suimi\JAC\EJB\apache-tomcat-9.0.10\webapps\examples]
06-Jul-2018 17:21:18.641 INFO [main] org.apache.catalina.startup.HostConfig.deployDirectory Deployment of web application directory [C:\Users\suimi\JAC\EJB\apache-tomcat-9.0.10\webapps\examples] has finished in [469] ms
06-Jul-2018 17:21:18.641 INFO [main] org.apache.catalina.startup.HostConfig.deployDirectory Deploying web application directory [C:\Users\suimi\JAC\EJB\apache-tomcat-9.0.10\webapps\host-manager]
06-Jul-2018 17:21:18.708 INFO [main] org.apache.catalina.startup.HostConfig.deployDirectory Deployment of web application directory [C:\Users\suimi\JAC\EJB\apache-tomcat-9.0.10\webapps\host-manager] has finished in [66] ms
06-Jul-2018 17:21:18.708 INFO [main] org.apache.catalina.startup.HostConfig.deployDirectory Deploying web application directory [C:\Users\suimi\JAC\EJB\apache-tomcat-9.0.10\webapps\manager]
06-Jul-2018 17:21:18.740 INFO [main] org.apache.catalina.startup.HostConfig.deployDirectory Deployment of web application directory [C:\Users\suimi\JAC\EJB\apache-tomcat-9.0.10\webapps\manager] has finished in [31] ms
06-Jul-2018 17:21:18.741 INFO [main] org.apache.catalina.startup.HostConfig.deployDirectory Deploying web application directory [C:\Users\suimi\JAC\EJB\apache-tomcat-9.0.10\webapps\ROOT]
06-Jul-2018 17:21:18.769 INFO [main] org.apache.catalina.startup.HostConfig.deployDirectory Deployment of web application directory [C:\Users\suimi\JAC\EJB\apache-tomcat-9.0.10\webapps\ROOT] has finished in [29] ms
06-Jul-2018 17:21:18.773 INFO [main] org.apache.coyote.AbstractProtocol.start Starting ProtocolHandler ["http-nio-8080"]
06-Jul-2018 17:21:18.786 INFO [main] org.apache.coyote.AbstractProtocol.start Starting ProtocolHandler ["ajp-nio-8009"]
06-Jul-2018 17:21:18.792 INFO [main] org.apache.catalina.startup.Catalina.start Server startup in 2070 ms
